{"C:\\Users\\monte\\Documents\\Pragma\\Planning poker\\poker-game\\src\\lib\\constants\\constants.ts": {"path":"C:\\Users\\monte\\Documents\\Pragma\\Planning poker\\poker-game\\src\\lib\\constants\\constants.ts","statementMap":{"0":{"start":{"line":2,"column":0},"end":{"line":2,"column":39}},"1":{"start":{"line":4,"column":13},"end":{"line":4,"column":null}},"2":{"start":{"line":6,"column":13},"end":{"line":6,"column":null}},"3":{"start":{"line":8,"column":13},"end":{"line":8,"column":null}}},"fnMap":{},"branchMap":{},"s":{"0":1,"1":1,"2":1,"3":1},"f":{},"b":{}}
,"C:\\Users\\monte\\Documents\\Pragma\\Planning poker\\poker-game\\src\\lib\\constants\\utils.ts": {"path":"C:\\Users\\monte\\Documents\\Pragma\\Planning poker\\poker-game\\src\\lib\\constants\\utils.ts","statementMap":{"0":{"start":{"line":4,"column":21},"end":{"line":4,"column":32}},"1":{"start":{"line":6,"column":21},"end":{"line":6,"column":42}},"2":{"start":{"line":8,"column":26},"end":{"line":8,"column":36}},"3":{"start":{"line":10,"column":27},"end":{"line":10,"column":43}},"4":{"start":{"line":13,"column":28},"end":{"line":26,"column":1}},"5":{"start":{"line":14,"column":2},"end":{"line":16,"column":3}},"6":{"start":{"line":15,"column":4},"end":{"line":15,"column":null}},"7":{"start":{"line":17,"column":2},"end":{"line":19,"column":3}},"8":{"start":{"line":18,"column":4},"end":{"line":18,"column":null}},"9":{"start":{"line":20,"column":2},"end":{"line":22,"column":3}},"10":{"start":{"line":21,"column":4},"end":{"line":21,"column":null}},"11":{"start":{"line":23,"column":2},"end":{"line":25,"column":3}},"12":{"start":{"line":24,"column":4},"end":{"line":24,"column":null}},"13":{"start":{"line":13,"column":13},"end":{"line":13,"column":28}},"14":{"start":{"line":28,"column":35},"end":{"line":33,"column":1}},"15":{"start":{"line":29,"column":2},"end":{"line":29,"column":null}},"16":{"start":{"line":29,"column":23},"end":{"line":29,"column":null}},"17":{"start":{"line":30,"column":16},"end":{"line":30,"column":31}},"18":{"start":{"line":31,"column":2},"end":{"line":32,"column":null}},"19":{"start":{"line":31,"column":24},"end":{"line":31,"column":null}},"20":{"start":{"line":32,"column":7},"end":{"line":32,"column":null}},"21":{"start":{"line":28,"column":13},"end":{"line":28,"column":35}},"22":{"start":{"line":36,"column":13},"end":{"line":36,"column":51}},"23":{"start":{"line":37,"column":2},"end":{"line":37,"column":null}},"24":{"start":{"line":35,"column":0},"end":{"line":35,"column":16}},"25":{"start":{"line":41,"column":24},"end":{"line":41,"column":26}},"26":{"start":{"line":42,"column":2},"end":{"line":60,"column":3}},"27":{"start":{"line":43,"column":4},"end":{"line":43,"column":null}},"28":{"start":{"line":44,"column":4},"end":{"line":44,"column":null}},"29":{"start":{"line":45,"column":4},"end":{"line":45,"column":null}},"30":{"start":{"line":46,"column":4},"end":{"line":51,"column":5}},"31":{"start":{"line":46,"column":17},"end":{"line":46,"column":18}},"32":{"start":{"line":47,"column":6},"end":{"line":50,"column":null}},"33":{"start":{"line":52,"column":9},"end":{"line":60,"column":3}},"34":{"start":{"line":53,"column":4},"end":{"line":55,"column":5}},"35":{"start":{"line":53,"column":17},"end":{"line":53,"column":18}},"36":{"start":{"line":54,"column":6},"end":{"line":54,"column":null}},"37":{"start":{"line":56,"column":9},"end":{"line":60,"column":3}},"38":{"start":{"line":57,"column":4},"end":{"line":59,"column":5}},"39":{"start":{"line":57,"column":17},"end":{"line":57,"column":18}},"40":{"start":{"line":58,"column":6},"end":{"line":58,"column":null}},"41":{"start":{"line":61,"column":2},"end":{"line":61,"column":null}},"42":{"start":{"line":62,"column":2},"end":{"line":62,"column":null}},"43":{"start":{"line":63,"column":2},"end":{"line":63,"column":null}},"44":{"start":{"line":40,"column":0},"end":{"line":40,"column":16}}},"fnMap":{"0":{"name":"(anonymous_0)","decl":{"start":{"line":13,"column":28},"end":{"line":13,"column":29}},"loc":{"start":{"line":13,"column":46},"end":{"line":26,"column":1}}},"1":{"name":"(anonymous_1)","decl":{"start":{"line":28,"column":35},"end":{"line":28,"column":36}},"loc":{"start":{"line":28,"column":52},"end":{"line":33,"column":1}}},"2":{"name":"generateLink","decl":{"start":{"line":35,"column":16},"end":{"line":35,"column":28}},"loc":{"start":{"line":35,"column":38},"end":{"line":38,"column":1}}},"3":{"name":"generateCards","decl":{"start":{"line":40,"column":16},"end":{"line":40,"column":29}},"loc":{"start":{"line":40,"column":58},"end":{"line":64,"column":1}}}},"branchMap":{"0":{"loc":{"start":{"line":14,"column":2},"end":{"line":16,"column":3}},"type":"if","locations":[{"start":{"line":14,"column":2},"end":{"line":16,"column":3}}]},"1":{"loc":{"start":{"line":17,"column":2},"end":{"line":19,"column":3}},"type":"if","locations":[{"start":{"line":17,"column":2},"end":{"line":19,"column":3}}]},"2":{"loc":{"start":{"line":20,"column":2},"end":{"line":22,"column":3}},"type":"if","locations":[{"start":{"line":20,"column":2},"end":{"line":22,"column":3}}]},"3":{"loc":{"start":{"line":23,"column":2},"end":{"line":25,"column":3}},"type":"if","locations":[{"start":{"line":23,"column":2},"end":{"line":25,"column":3}}]},"4":{"loc":{"start":{"line":29,"column":2},"end":{"line":29,"column":null}},"type":"if","locations":[{"start":{"line":29,"column":2},"end":{"line":29,"column":null}}]},"5":{"loc":{"start":{"line":31,"column":2},"end":{"line":32,"column":null}},"type":"if","locations":[{"start":{"line":31,"column":2},"end":{"line":32,"column":null}},{"start":{"line":32,"column":7},"end":{"line":32,"column":null}}]},"6":{"loc":{"start":{"line":42,"column":2},"end":{"line":60,"column":3}},"type":"if","locations":[{"start":{"line":42,"column":2},"end":{"line":60,"column":3}},{"start":{"line":52,"column":9},"end":{"line":60,"column":3}}]},"7":{"loc":{"start":{"line":52,"column":9},"end":{"line":60,"column":3}},"type":"if","locations":[{"start":{"line":52,"column":9},"end":{"line":60,"column":3}},{"start":{"line":56,"column":9},"end":{"line":60,"column":3}}]},"8":{"loc":{"start":{"line":56,"column":9},"end":{"line":60,"column":3}},"type":"if","locations":[{"start":{"line":56,"column":9},"end":{"line":60,"column":3}}]}},"s":{"0":2,"1":2,"2":2,"3":2,"4":2,"5":6,"6":1,"7":5,"8":1,"9":4,"10":1,"11":3,"12":2,"13":2,"14":2,"15":5,"16":2,"17":3,"18":3,"19":2,"20":1,"21":2,"22":2,"23":2,"24":2,"25":4,"26":4,"27":1,"28":1,"29":1,"30":1,"31":1,"32":7,"33":3,"34":2,"35":2,"36":20,"37":1,"38":1,"39":1,"40":10,"41":4,"42":4,"43":4,"44":2},"f":{"0":6,"1":5,"2":2,"3":4},"b":{"0":[1],"1":[1],"2":[1],"3":[2],"4":[2],"5":[2,1],"6":[1,3],"7":[2,1],"8":[1]}}
,"C:\\Users\\monte\\Documents\\Pragma\\Planning poker\\poker-game\\src\\lib\\hooks\\player\\slices\\playerSlice.ts": {"path":"C:\\Users\\monte\\Documents\\Pragma\\Planning poker\\poker-game\\src\\lib\\hooks\\player\\slices\\playerSlice.ts","statementMap":{"0":{"start":{"line":1,"column":0},"end":{"line":1,"column":46}},"1":{"start":{"line":5,"column":29},"end":{"line":10,"column":null}},"2":{"start":{"line":12,"column":20},"end":{"line":27,"column":2}},"3":{"start":{"line":15,"column":6},"end":{"line":15,"column":null}},"4":{"start":{"line":18,"column":26},"end":{"line":18,"column":40}},"5":{"start":{"line":19,"column":6},"end":{"line":19,"column":null}},"6":{"start":{"line":22,"column":6},"end":{"line":22,"column":null}},"7":{"start":{"line":29,"column":13},"end":{"line":29,"column":null}},"8":{"start":{"line":31,"column":13},"end":{"line":31,"column":null}},"9":{"start":{"line":32,"column":13},"end":{"line":32,"column":null}},"10":{"start":{"line":33,"column":13},"end":{"line":33,"column":null}}},"fnMap":{"0":{"name":"(anonymous_0)","decl":{"start":{"line":14,"column":15},"end":{"line":14,"column":16}},"loc":{"start":{"line":14,"column":52},"end":{"line":16,"column":5}}},"1":{"name":"(anonymous_1)","decl":{"start":{"line":17,"column":20},"end":{"line":17,"column":21}},"loc":{"start":{"line":17,"column":62},"end":{"line":20,"column":5}}},"2":{"name":"(anonymous_2)","decl":{"start":{"line":21,"column":13},"end":{"line":21,"column":14}},"loc":{"start":{"line":21,"column":54},"end":{"line":23,"column":5}}}},"branchMap":{"0":{"loc":{"start":{"line":19,"column":31},"end":{"line":19,"column":67}},"type":"cond-expr","locations":[{"start":{"line":19,"column":45},"end":{"line":19,"column":56}},{"start":{"line":19,"column":59},"end":{"line":19,"column":67}}]}},"s":{"0":1,"1":1,"2":1,"3":1,"4":2,"5":2,"6":1,"7":1,"8":1,"9":1,"10":1},"f":{"0":1,"1":2,"2":1},"b":{"0":[1,1]}}
,"C:\\Users\\monte\\Documents\\Pragma\\Planning poker\\poker-game\\src\\lib\\hooks\\room\\slices\\roomSlice.ts": {"path":"C:\\Users\\monte\\Documents\\Pragma\\Planning poker\\poker-game\\src\\lib\\hooks\\room\\slices\\roomSlice.ts","statementMap":{"0":{"start":{"line":1,"column":0},"end":{"line":1,"column":46}},"1":{"start":{"line":4,"column":0},"end":{"line":4,"column":52}},"2":{"start":{"line":5,"column":27},"end":{"line":12,"column":null}},"3":{"start":{"line":14,"column":18},"end":{"line":85,"column":2}},"4":{"start":{"line":18,"column":6},"end":{"line":18,"column":null}},"5":{"start":{"line":21,"column":6},"end":{"line":24,"column":null}},"6":{"start":{"line":27,"column":26},"end":{"line":27,"column":null}},"7":{"start":{"line":28,"column":6},"end":{"line":36,"column":null}},"8":{"start":{"line":31,"column":10},"end":{"line":33,"column":11}},"9":{"start":{"line":32,"column":12},"end":{"line":32,"column":null}},"10":{"start":{"line":34,"column":10},"end":{"line":34,"column":null}},"11":{"start":{"line":39,"column":6},"end":{"line":42,"column":null}},"12":{"start":{"line":45,"column":6},"end":{"line":51,"column":null}},"13":{"start":{"line":49,"column":10},"end":{"line":49,"column":null}},"14":{"start":{"line":54,"column":6},"end":{"line":57,"column":null}},"15":{"start":{"line":60,"column":6},"end":{"line":69,"column":null}},"16":{"start":{"line":64,"column":10},"end":{"line":64,"column":null}},"17":{"start":{"line":67,"column":10},"end":{"line":67,"column":null}},"18":{"start":{"line":72,"column":33},"end":{"line":72,"column":40}},"19":{"start":{"line":73,"column":6},"end":{"line":81,"column":null}},"20":{"start":{"line":76,"column":10},"end":{"line":78,"column":11}},"21":{"start":{"line":77,"column":12},"end":{"line":77,"column":null}},"22":{"start":{"line":79,"column":10},"end":{"line":79,"column":null}},"23":{"start":{"line":87,"column":13},"end":{"line":87,"column":null}},"24":{"start":{"line":88,"column":13},"end":{"line":88,"column":null}},"25":{"start":{"line":89,"column":13},"end":{"line":89,"column":null}},"26":{"start":{"line":90,"column":13},"end":{"line":90,"column":null}},"27":{"start":{"line":91,"column":13},"end":{"line":91,"column":null}},"28":{"start":{"line":92,"column":13},"end":{"line":92,"column":null}},"29":{"start":{"line":93,"column":13},"end":{"line":93,"column":null}},"30":{"start":{"line":94,"column":13},"end":{"line":94,"column":null}},"31":{"start":{"line":95,"column":13},"end":{"line":95,"column":null}},"32":{"start":{"line":102,"column":85},"end":{"line":102,"column":37658}},"33":{"start":{"line":102,"column":89},"end":{"line":102,"column":37647}},"34":{"start":{"line":102,"column":37773},"end":{"line":102,"column":37779}},"35":{"start":{"line":102,"column":37894},"end":{"line":102,"column":37900}},"36":{"start":{"line":102,"column":37982},"end":{"line":102,"column":37988}},"37":{"start":{"line":102,"column":38073},"end":{"line":102,"column":38079}}},"fnMap":{"0":{"name":"(anonymous_0)","decl":{"start":{"line":17,"column":16},"end":{"line":17,"column":17}},"loc":{"start":{"line":17,"column":56},"end":{"line":19,"column":5}}},"1":{"name":"(anonymous_1)","decl":{"start":{"line":20,"column":15},"end":{"line":20,"column":16}},"loc":{"start":{"line":20,"column":61},"end":{"line":25,"column":5}}},"2":{"name":"(anonymous_2)","decl":{"start":{"line":26,"column":10},"end":{"line":26,"column":11}},"loc":{"start":{"line":26,"column":91},"end":{"line":37,"column":5}}},"3":{"name":"(anonymous_3)","decl":{"start":{"line":30,"column":35},"end":{"line":30,"column":36}},"loc":{"start":{"line":30,"column":46},"end":{"line":35,"column":9}}},"4":{"name":"(anonymous_4)","decl":{"start":{"line":38,"column":17},"end":{"line":38,"column":18}},"loc":{"start":{"line":38,"column":63},"end":{"line":43,"column":5}}},"5":{"name":"(anonymous_5)","decl":{"start":{"line":44,"column":17},"end":{"line":44,"column":18}},"loc":{"start":{"line":44,"column":63},"end":{"line":52,"column":5}}},"6":{"name":"(anonymous_6)","decl":{"start":{"line":48,"column":35},"end":{"line":48,"column":36}},"loc":{"start":{"line":48,"column":46},"end":{"line":50,"column":9}}},"7":{"name":"(anonymous_7)","decl":{"start":{"line":53,"column":12},"end":{"line":53,"column":13}},"loc":{"start":{"line":53,"column":22},"end":{"line":58,"column":5}}},"8":{"name":"(anonymous_8)","decl":{"start":{"line":59,"column":11},"end":{"line":59,"column":12}},"loc":{"start":{"line":59,"column":21},"end":{"line":70,"column":5}}},"9":{"name":"(anonymous_9)","decl":{"start":{"line":63,"column":35},"end":{"line":63,"column":36}},"loc":{"start":{"line":63,"column":46},"end":{"line":65,"column":9}}},"10":{"name":"(anonymous_10)","decl":{"start":{"line":66,"column":31},"end":{"line":66,"column":32}},"loc":{"start":{"line":66,"column":40},"end":{"line":68,"column":9}}},"11":{"name":"(anonymous_11)","decl":{"start":{"line":71,"column":22},"end":{"line":71,"column":23}},"loc":{"start":{"line":71,"column":113},"end":{"line":82,"column":5}}},"12":{"name":"(anonymous_12)","decl":{"start":{"line":75,"column":35},"end":{"line":75,"column":36}},"loc":{"start":{"line":75,"column":46},"end":{"line":80,"column":9}}},"13":{"name":"oo_cm","decl":{"start":{"line":102,"column":77},"end":{"line":102,"column":82}},"loc":{"start":{"line":102,"column":82},"end":{"line":102,"column":37659}}}},"branchMap":{"0":{"loc":{"start":{"line":31,"column":10},"end":{"line":33,"column":11}},"type":"if","locations":[{"start":{"line":31,"column":10},"end":{"line":33,"column":11}}]},"1":{"loc":{"start":{"line":76,"column":10},"end":{"line":78,"column":11}},"type":"if","locations":[{"start":{"line":76,"column":10},"end":{"line":78,"column":11}}]},"2":{"loc":{"start":{"line":102,"column":96},"end":{"line":102,"column":37646}},"type":"binary-expr","locations":[{"start":{"line":102,"column":96},"end":{"line":102,"column":133}},{"start":{"line":102,"column":137},"end":{"line":102,"column":37646}}]}},"s":{"0":1,"1":1,"2":1,"3":1,"4":1,"5":1,"6":1,"7":1,"8":1,"9":1,"10":0,"11":1,"12":1,"13":1,"14":1,"15":1,"16":1,"17":1,"18":1,"19":1,"20":1,"21":1,"22":0,"23":1,"24":1,"25":1,"26":1,"27":1,"28":1,"29":1,"30":1,"31":1,"32":1,"33":1,"34":1,"35":1,"36":1,"37":1},"f":{"0":1,"1":1,"2":1,"3":1,"4":1,"5":1,"6":1,"7":1,"8":1,"9":1,"10":1,"11":1,"12":1,"13":1},"b":{"0":[1],"1":[1],"2":[1,1]}}
}
