{"C:\\Users\\monte\\Documents\\Pragma\\poker-game\\src\\App.tsx": {"path":"C:\\Users\\monte\\Documents\\Pragma\\poker-game\\src\\App.tsx","statementMap":{"0":{"start":{"line":1,"column":0},"end":{"line":1,"column":48}},"1":{"start":{"line":2,"column":0},"end":{"line":2,"column":35}},"2":{"start":{"line":3,"column":0},"end":{"line":3,"column":32}},"3":{"start":{"line":4,"column":0},"end":{"line":4,"column":31}},"4":{"start":{"line":5,"column":0},"end":{"line":5,"column":37}},"5":{"start":{"line":6,"column":13},"end":{"line":6,"column":null}},"6":{"start":{"line":9,"column":2},"end":{"line":17,"column":null}},"7":{"start":{"line":8,"column":0},"end":{"line":8,"column":24}}},"fnMap":{"0":{"name":"App","decl":{"start":{"line":8,"column":24},"end":{"line":8,"column":27}},"loc":{"start":{"line":8,"column":27},"end":{"line":18,"column":1}}}},"branchMap":{},"s":{"0":0,"1":0,"2":0,"3":0,"4":0,"5":0,"6":0,"7":0},"f":{"0":0},"b":{}}
,"C:\\Users\\monte\\Documents\\Pragma\\poker-game\\src\\main.tsx": {"path":"C:\\Users\\monte\\Documents\\Pragma\\poker-game\\src\\main.tsx","statementMap":{"0":{"start":{"line":1,"column":0},"end":{"line":1,"column":39}},"1":{"start":{"line":2,"column":0},"end":{"line":2,"column":27}},"2":{"start":{"line":3,"column":0},"end":{"line":3,"column":22}},"3":{"start":{"line":4,"column":0},"end":{"line":4,"column":38}},"4":{"start":{"line":5,"column":0},"end":{"line":5,"column":44}},"5":{"start":{"line":6,"column":0},"end":{"line":6,"column":48}},"6":{"start":{"line":7,"column":0},"end":{"line":13,"column":null}}},"fnMap":{},"branchMap":{},"s":{"0":0,"1":0,"2":0,"3":0,"4":0,"5":0,"6":0},"f":{},"b":{}}
,"C:\\Users\\monte\\Documents\\Pragma\\poker-game\\src\\vite-env.d.ts": {"path":"C:\\Users\\monte\\Documents\\Pragma\\poker-game\\src\\vite-env.d.ts","statementMap":{},"fnMap":{},"branchMap":{},"s":{},"f":{},"b":{}}
,"C:\\Users\\monte\\Documents\\Pragma\\poker-game\\src\\lib\\constants\\constants.ts": {"path":"C:\\Users\\monte\\Documents\\Pragma\\poker-game\\src\\lib\\constants\\constants.ts","statementMap":{"0":{"start":{"line":2,"column":0},"end":{"line":2,"column":39}},"1":{"start":{"line":4,"column":13},"end":{"line":4,"column":null}},"2":{"start":{"line":6,"column":13},"end":{"line":6,"column":null}},"3":{"start":{"line":8,"column":13},"end":{"line":8,"column":null}}},"fnMap":{},"branchMap":{},"s":{"0":1,"1":1,"2":1,"3":1},"f":{},"b":{}}
,"C:\\Users\\monte\\Documents\\Pragma\\poker-game\\src\\lib\\constants\\declarations.ts": {"path":"C:\\Users\\monte\\Documents\\Pragma\\poker-game\\src\\lib\\constants\\declarations.ts","statementMap":{"0":{"start":{"line":1,"column":0},"end":{"line":1,"column":null}},"1":{"start":{"line":2,"column":2},"end":{"line":2,"column":null}},"2":{"start":{"line":3,"column":2},"end":{"line":3,"column":null}},"3":{"start":{"line":28,"column":13},"end":{"line":32,"column":null}},"4":{"start":{"line":34,"column":0},"end":{"line":34,"column":null}},"5":{"start":{"line":35,"column":2},"end":{"line":35,"column":null}},"6":{"start":{"line":36,"column":2},"end":{"line":36,"column":null}},"7":{"start":{"line":37,"column":2},"end":{"line":37,"column":null}},"8":{"start":{"line":38,"column":2},"end":{"line":38,"column":null}},"9":{"start":{"line":39,"column":2},"end":{"line":39,"column":null}},"10":{"start":{"line":40,"column":2},"end":{"line":40,"column":null}},"11":{"start":{"line":41,"column":2},"end":{"line":41,"column":null}},"12":{"start":{"line":42,"column":2},"end":{"line":42,"column":null}},"13":{"start":{"line":43,"column":2},"end":{"line":43,"column":null}},"14":{"start":{"line":44,"column":2},"end":{"line":44,"column":null}},"15":{"start":{"line":45,"column":2},"end":{"line":45,"column":null}},"16":{"start":{"line":48,"column":0},"end":{"line":48,"column":null}},"17":{"start":{"line":49,"column":2},"end":{"line":49,"column":null}},"18":{"start":{"line":50,"column":2},"end":{"line":50,"column":null}},"19":{"start":{"line":51,"column":2},"end":{"line":51,"column":null}},"20":{"start":{"line":52,"column":2},"end":{"line":52,"column":null}},"21":{"start":{"line":53,"column":2},"end":{"line":53,"column":null}},"22":{"start":{"line":54,"column":2},"end":{"line":54,"column":null}},"23":{"start":{"line":55,"column":2},"end":{"line":55,"column":null}},"24":{"start":{"line":56,"column":2},"end":{"line":56,"column":null}},"25":{"start":{"line":57,"column":2},"end":{"line":57,"column":null}},"26":{"start":{"line":58,"column":2},"end":{"line":58,"column":null}},"27":{"start":{"line":59,"column":2},"end":{"line":59,"column":null}},"28":{"start":{"line":60,"column":2},"end":{"line":60,"column":null}},"29":{"start":{"line":61,"column":2},"end":{"line":61,"column":null}},"30":{"start":{"line":62,"column":2},"end":{"line":62,"column":null}},"31":{"start":{"line":63,"column":2},"end":{"line":63,"column":null}},"32":{"start":{"line":64,"column":2},"end":{"line":64,"column":null}}},"fnMap":{"0":{"name":"(anonymous_0)","decl":{"start":{"line":1,"column":0},"end":{"line":1,"column":12}},"loc":{"start":{"line":1,"column":22},"end":{"line":4,"column":1}}},"1":{"name":"(anonymous_1)","decl":{"start":{"line":34,"column":0},"end":{"line":34,"column":12}},"loc":{"start":{"line":34,"column":20},"end":{"line":46,"column":1}}},"2":{"name":"(anonymous_2)","decl":{"start":{"line":48,"column":0},"end":{"line":48,"column":12}},"loc":{"start":{"line":48,"column":22},"end":{"line":65,"column":1}}}},"branchMap":{"0":{"loc":{"start":{"line":1,"column":12},"end":{"line":1,"column":null}},"type":"binary-expr","locations":[{"start":{"line":1,"column":12},"end":{"line":1,"column":22}},{"start":{"line":1,"column":22},"end":{"line":1,"column":null}}]},"1":{"loc":{"start":{"line":34,"column":12},"end":{"line":34,"column":null}},"type":"binary-expr","locations":[{"start":{"line":34,"column":12},"end":{"line":34,"column":20}},{"start":{"line":34,"column":20},"end":{"line":34,"column":null}}]},"2":{"loc":{"start":{"line":48,"column":12},"end":{"line":48,"column":null}},"type":"binary-expr","locations":[{"start":{"line":48,"column":12},"end":{"line":48,"column":22}},{"start":{"line":48,"column":22},"end":{"line":48,"column":null}}]}},"s":{"0":1,"1":1,"2":1,"3":1,"4":1,"5":1,"6":1,"7":1,"8":1,"9":1,"10":1,"11":1,"12":1,"13":1,"14":1,"15":1,"16":1,"17":1,"18":1,"19":1,"20":1,"21":1,"22":1,"23":1,"24":1,"25":1,"26":1,"27":1,"28":1,"29":1,"30":1,"31":1,"32":1},"f":{"0":1,"1":1,"2":1},"b":{"0":[1,1],"1":[1,1],"2":[1,1]}}
,"C:\\Users\\monte\\Documents\\Pragma\\poker-game\\src\\lib\\constants\\utils.ts": {"path":"C:\\Users\\monte\\Documents\\Pragma\\poker-game\\src\\lib\\constants\\utils.ts","statementMap":{"0":{"start":{"line":4,"column":21},"end":{"line":4,"column":32}},"1":{"start":{"line":6,"column":21},"end":{"line":6,"column":42}},"2":{"start":{"line":8,"column":26},"end":{"line":8,"column":36}},"3":{"start":{"line":10,"column":27},"end":{"line":10,"column":43}},"4":{"start":{"line":13,"column":28},"end":{"line":26,"column":1}},"5":{"start":{"line":14,"column":2},"end":{"line":16,"column":3}},"6":{"start":{"line":15,"column":4},"end":{"line":15,"column":null}},"7":{"start":{"line":17,"column":2},"end":{"line":19,"column":3}},"8":{"start":{"line":18,"column":4},"end":{"line":18,"column":null}},"9":{"start":{"line":20,"column":2},"end":{"line":22,"column":3}},"10":{"start":{"line":21,"column":4},"end":{"line":21,"column":null}},"11":{"start":{"line":23,"column":2},"end":{"line":25,"column":3}},"12":{"start":{"line":24,"column":4},"end":{"line":24,"column":null}},"13":{"start":{"line":13,"column":13},"end":{"line":13,"column":28}},"14":{"start":{"line":28,"column":35},"end":{"line":33,"column":1}},"15":{"start":{"line":29,"column":2},"end":{"line":29,"column":null}},"16":{"start":{"line":29,"column":23},"end":{"line":29,"column":null}},"17":{"start":{"line":30,"column":16},"end":{"line":30,"column":31}},"18":{"start":{"line":31,"column":2},"end":{"line":32,"column":null}},"19":{"start":{"line":31,"column":24},"end":{"line":31,"column":null}},"20":{"start":{"line":32,"column":7},"end":{"line":32,"column":null}},"21":{"start":{"line":28,"column":13},"end":{"line":28,"column":35}},"22":{"start":{"line":36,"column":13},"end":{"line":36,"column":15}},"23":{"start":{"line":37,"column":2},"end":{"line":41,"column":3}},"24":{"start":{"line":38,"column":4},"end":{"line":38,"column":null}},"25":{"start":{"line":40,"column":4},"end":{"line":40,"column":null}},"26":{"start":{"line":42,"column":2},"end":{"line":42,"column":null}},"27":{"start":{"line":35,"column":0},"end":{"line":35,"column":16}},"28":{"start":{"line":46,"column":24},"end":{"line":46,"column":26}},"29":{"start":{"line":47,"column":2},"end":{"line":65,"column":3}},"30":{"start":{"line":48,"column":4},"end":{"line":48,"column":null}},"31":{"start":{"line":49,"column":4},"end":{"line":49,"column":null}},"32":{"start":{"line":50,"column":4},"end":{"line":50,"column":null}},"33":{"start":{"line":51,"column":4},"end":{"line":56,"column":5}},"34":{"start":{"line":51,"column":17},"end":{"line":51,"column":18}},"35":{"start":{"line":52,"column":6},"end":{"line":55,"column":null}},"36":{"start":{"line":57,"column":9},"end":{"line":65,"column":3}},"37":{"start":{"line":58,"column":4},"end":{"line":60,"column":5}},"38":{"start":{"line":58,"column":17},"end":{"line":58,"column":18}},"39":{"start":{"line":59,"column":6},"end":{"line":59,"column":null}},"40":{"start":{"line":61,"column":9},"end":{"line":65,"column":3}},"41":{"start":{"line":62,"column":4},"end":{"line":64,"column":5}},"42":{"start":{"line":62,"column":17},"end":{"line":62,"column":18}},"43":{"start":{"line":63,"column":6},"end":{"line":63,"column":null}},"44":{"start":{"line":66,"column":2},"end":{"line":66,"column":null}},"45":{"start":{"line":67,"column":2},"end":{"line":67,"column":null}},"46":{"start":{"line":68,"column":2},"end":{"line":68,"column":null}},"47":{"start":{"line":45,"column":0},"end":{"line":45,"column":16}}},"fnMap":{"0":{"name":"(anonymous_0)","decl":{"start":{"line":13,"column":28},"end":{"line":13,"column":29}},"loc":{"start":{"line":13,"column":46},"end":{"line":26,"column":1}}},"1":{"name":"(anonymous_1)","decl":{"start":{"line":28,"column":35},"end":{"line":28,"column":36}},"loc":{"start":{"line":28,"column":52},"end":{"line":33,"column":1}}},"2":{"name":"generateLink","decl":{"start":{"line":35,"column":16},"end":{"line":35,"column":28}},"loc":{"start":{"line":35,"column":38},"end":{"line":43,"column":1}}},"3":{"name":"generateCards","decl":{"start":{"line":45,"column":16},"end":{"line":45,"column":29}},"loc":{"start":{"line":45,"column":58},"end":{"line":69,"column":1}}}},"branchMap":{"0":{"loc":{"start":{"line":14,"column":2},"end":{"line":16,"column":3}},"type":"if","locations":[{"start":{"line":14,"column":2},"end":{"line":16,"column":3}}]},"1":{"loc":{"start":{"line":17,"column":2},"end":{"line":19,"column":3}},"type":"if","locations":[{"start":{"line":17,"column":2},"end":{"line":19,"column":3}}]},"2":{"loc":{"start":{"line":20,"column":2},"end":{"line":22,"column":3}},"type":"if","locations":[{"start":{"line":20,"column":2},"end":{"line":22,"column":3}}]},"3":{"loc":{"start":{"line":23,"column":2},"end":{"line":25,"column":3}},"type":"if","locations":[{"start":{"line":23,"column":2},"end":{"line":25,"column":3}}]},"4":{"loc":{"start":{"line":29,"column":2},"end":{"line":29,"column":null}},"type":"if","locations":[{"start":{"line":29,"column":2},"end":{"line":29,"column":null}}]},"5":{"loc":{"start":{"line":31,"column":2},"end":{"line":32,"column":null}},"type":"if","locations":[{"start":{"line":31,"column":2},"end":{"line":32,"column":null}},{"start":{"line":32,"column":7},"end":{"line":32,"column":null}}]},"6":{"loc":{"start":{"line":37,"column":2},"end":{"line":41,"column":3}},"type":"if","locations":[{"start":{"line":37,"column":2},"end":{"line":41,"column":3}},{"start":{"line":39,"column":9},"end":{"line":41,"column":3}}]},"7":{"loc":{"start":{"line":47,"column":2},"end":{"line":65,"column":3}},"type":"if","locations":[{"start":{"line":47,"column":2},"end":{"line":65,"column":3}},{"start":{"line":57,"column":9},"end":{"line":65,"column":3}}]},"8":{"loc":{"start":{"line":57,"column":9},"end":{"line":65,"column":3}},"type":"if","locations":[{"start":{"line":57,"column":9},"end":{"line":65,"column":3}},{"start":{"line":61,"column":9},"end":{"line":65,"column":3}}]},"9":{"loc":{"start":{"line":61,"column":9},"end":{"line":65,"column":3}},"type":"if","locations":[{"start":{"line":61,"column":9},"end":{"line":65,"column":3}}]}},"s":{"0":2,"1":2,"2":2,"3":2,"4":2,"5":6,"6":1,"7":5,"8":1,"9":4,"10":1,"11":3,"12":2,"13":2,"14":2,"15":5,"16":2,"17":3,"18":3,"19":2,"20":1,"21":2,"22":2,"23":2,"24":2,"25":0,"26":2,"27":2,"28":4,"29":4,"30":1,"31":1,"32":1,"33":1,"34":1,"35":7,"36":3,"37":2,"38":2,"39":20,"40":1,"41":1,"42":1,"43":10,"44":4,"45":4,"46":4,"47":2},"f":{"0":6,"1":5,"2":2,"3":4},"b":{"0":[1],"1":[1],"2":[1],"3":[2],"4":[2],"5":[2,1],"6":[2,0],"7":[1,3],"8":[2,1],"9":[1]}}
,"C:\\Users\\monte\\Documents\\Pragma\\poker-game\\src\\lib\\hooks\\store.ts": {"path":"C:\\Users\\monte\\Documents\\Pragma\\poker-game\\src\\lib\\hooks\\store.ts","statementMap":{"0":{"start":{"line":1,"column":0},"end":{"line":1,"column":76}},"1":{"start":{"line":4,"column":13},"end":{"line":4,"column":null}},"2":{"start":{"line":5,"column":30},"end":{"line":5,"column":49}},"3":{"start":{"line":5,"column":36},"end":{"line":5,"column":49}},"4":{"start":{"line":5,"column":13},"end":{"line":5,"column":30}}},"fnMap":{"0":{"name":"(anonymous_0)","decl":{"start":{"line":5,"column":30},"end":{"line":5,"column":33}},"loc":{"start":{"line":5,"column":36},"end":{"line":5,"column":49}}}},"branchMap":{},"s":{"0":0,"1":0,"2":0,"3":0,"4":0},"f":{"0":0},"b":{}}
,"C:\\Users\\monte\\Documents\\Pragma\\poker-game\\src\\lib\\hooks\\player\\playerActions.ts": {"path":"C:\\Users\\monte\\Documents\\Pragma\\poker-game\\src\\lib\\hooks\\player\\playerActions.ts","statementMap":{"0":{"start":{"line":2,"column":0},"end":{"line":2,"column":41}},"1":{"start":{"line":3,"column":0},"end":{"line":3,"column":73}},"2":{"start":{"line":5,"column":21},"end":{"line":5,"column":37}},"3":{"start":{"line":6,"column":23},"end":{"line":8,"column":3}},"4":{"start":{"line":7,"column":4},"end":{"line":7,"column":null}},"5":{"start":{"line":9,"column":28},"end":{"line":11,"column":3}},"6":{"start":{"line":10,"column":4},"end":{"line":10,"column":null}},"7":{"start":{"line":12,"column":21},"end":{"line":14,"column":3}},"8":{"start":{"line":13,"column":4},"end":{"line":13,"column":null}},"9":{"start":{"line":15,"column":24},"end":{"line":17,"column":3}},"10":{"start":{"line":16,"column":4},"end":{"line":16,"column":null}},"11":{"start":{"line":18,"column":2},"end":{"line":23,"column":null}},"12":{"start":{"line":4,"column":0},"end":{"line":4,"column":24}}},"fnMap":{"0":{"name":"playerActions","decl":{"start":{"line":4,"column":24},"end":{"line":4,"column":37}},"loc":{"start":{"line":4,"column":37},"end":{"line":24,"column":1}}},"1":{"name":"(anonymous_1)","decl":{"start":{"line":6,"column":23},"end":{"line":6,"column":24}},"loc":{"start":{"line":6,"column":42},"end":{"line":8,"column":3}}},"2":{"name":"(anonymous_2)","decl":{"start":{"line":9,"column":28},"end":{"line":9,"column":29}},"loc":{"start":{"line":9,"column":53},"end":{"line":11,"column":3}}},"3":{"name":"(anonymous_3)","decl":{"start":{"line":12,"column":21},"end":{"line":12,"column":22}},"loc":{"start":{"line":12,"column":38},"end":{"line":14,"column":3}}},"4":{"name":"(anonymous_4)","decl":{"start":{"line":15,"column":24},"end":{"line":15,"column":27}},"loc":{"start":{"line":15,"column":29},"end":{"line":17,"column":3}}}},"branchMap":{},"s":{"0":0,"1":0,"2":0,"3":0,"4":0,"5":0,"6":0,"7":0,"8":0,"9":0,"10":0,"11":0,"12":0},"f":{"0":0,"1":0,"2":0,"3":0,"4":0},"b":{}}
,"C:\\Users\\monte\\Documents\\Pragma\\poker-game\\src\\lib\\hooks\\player\\slices\\playerSlice.ts": {"path":"C:\\Users\\monte\\Documents\\Pragma\\poker-game\\src\\lib\\hooks\\player\\slices\\playerSlice.ts","statementMap":{"0":{"start":{"line":1,"column":0},"end":{"line":1,"column":46}},"1":{"start":{"line":5,"column":29},"end":{"line":10,"column":null}},"2":{"start":{"line":12,"column":20},"end":{"line":27,"column":2}},"3":{"start":{"line":15,"column":6},"end":{"line":15,"column":null}},"4":{"start":{"line":18,"column":26},"end":{"line":18,"column":40}},"5":{"start":{"line":19,"column":6},"end":{"line":19,"column":null}},"6":{"start":{"line":22,"column":6},"end":{"line":22,"column":null}},"7":{"start":{"line":29,"column":13},"end":{"line":29,"column":null}},"8":{"start":{"line":31,"column":13},"end":{"line":31,"column":null}},"9":{"start":{"line":32,"column":13},"end":{"line":32,"column":null}},"10":{"start":{"line":33,"column":13},"end":{"line":33,"column":null}}},"fnMap":{"0":{"name":"(anonymous_0)","decl":{"start":{"line":14,"column":15},"end":{"line":14,"column":16}},"loc":{"start":{"line":14,"column":52},"end":{"line":16,"column":5}}},"1":{"name":"(anonymous_1)","decl":{"start":{"line":17,"column":20},"end":{"line":17,"column":21}},"loc":{"start":{"line":17,"column":62},"end":{"line":20,"column":5}}},"2":{"name":"(anonymous_2)","decl":{"start":{"line":21,"column":13},"end":{"line":21,"column":14}},"loc":{"start":{"line":21,"column":54},"end":{"line":23,"column":5}}}},"branchMap":{"0":{"loc":{"start":{"line":19,"column":31},"end":{"line":19,"column":67}},"type":"cond-expr","locations":[{"start":{"line":19,"column":45},"end":{"line":19,"column":56}},{"start":{"line":19,"column":59},"end":{"line":19,"column":67}}]}},"s":{"0":1,"1":1,"2":1,"3":1,"4":2,"5":2,"6":1,"7":1,"8":1,"9":1,"10":1},"f":{"0":1,"1":2,"2":1},"b":{"0":[1,1]}}
,"C:\\Users\\monte\\Documents\\Pragma\\poker-game\\src\\lib\\hooks\\room\\roomActions.ts": {"path":"C:\\Users\\monte\\Documents\\Pragma\\poker-game\\src\\lib\\hooks\\room\\roomActions.ts","statementMap":{"0":{"start":{"line":1,"column":0},"end":{"line":1,"column":41}},"1":{"start":{"line":2,"column":0},"end":{"line":2,"column":138}},"2":{"start":{"line":3,"column":0},"end":{"line":3,"column":87}},"3":{"start":{"line":4,"column":0},"end":{"line":4,"column":41}},"4":{"start":{"line":5,"column":0},"end":{"line":5,"column":51}},"5":{"start":{"line":6,"column":0},"end":{"line":6,"column":41}},"6":{"start":{"line":7,"column":0},"end":{"line":7,"column":49}},"7":{"start":{"line":10,"column":21},"end":{"line":10,"column":37}},"8":{"start":{"line":11,"column":25},"end":{"line":11,"column":40}},"9":{"start":{"line":12,"column":24},"end":{"line":24,"column":3}},"10":{"start":{"line":13,"column":30},"end":{"line":20,"column":null}},"11":{"start":{"line":22,"column":17},"end":{"line":22,"column":66}},"12":{"start":{"line":23,"column":4},"end":{"line":23,"column":null}},"13":{"start":{"line":25,"column":23},"end":{"line":27,"column":3}},"14":{"start":{"line":26,"column":4},"end":{"line":26,"column":null}},"15":{"start":{"line":29,"column":18},"end":{"line":31,"column":3}},"16":{"start":{"line":30,"column":4},"end":{"line":30,"column":null}},"17":{"start":{"line":33,"column":25},"end":{"line":35,"column":3}},"18":{"start":{"line":34,"column":4},"end":{"line":34,"column":null}},"19":{"start":{"line":36,"column":25},"end":{"line":39,"column":3}},"20":{"start":{"line":37,"column":4},"end":{"line":37,"column":null}},"21":{"start":{"line":38,"column":4},"end":{"line":38,"column":null}},"22":{"start":{"line":40,"column":25},"end":{"line":43,"column":3}},"23":{"start":{"line":41,"column":4},"end":{"line":41,"column":null}},"24":{"start":{"line":42,"column":4},"end":{"line":42,"column":null}},"25":{"start":{"line":45,"column":25},"end":{"line":58,"column":3}},"26":{"start":{"line":46,"column":20},"end":{"line":48,"column":73}},"27":{"start":{"line":48,"column":39},"end":{"line":48,"column":72}},"28":{"start":{"line":49,"column":26},"end":{"line":49,"column":28}},"29":{"start":{"line":50,"column":4},"end":{"line":56,"column":5}},"30":{"start":{"line":50,"column":17},"end":{"line":50,"column":18}},"31":{"start":{"line":51,"column":6},"end":{"line":55,"column":7}},"32":{"start":{"line":51,"column":31},"end":{"line":51,"column":63}},"33":{"start":{"line":52,"column":8},"end":{"line":52,"column":null}},"34":{"start":{"line":52,"column":29},"end":{"line":52,"column":61}},"35":{"start":{"line":54,"column":8},"end":{"line":54,"column":null}},"36":{"start":{"line":57,"column":4},"end":{"line":57,"column":null}},"37":{"start":{"line":59,"column":19},"end":{"line":61,"column":3}},"38":{"start":{"line":60,"column":4},"end":{"line":60,"column":null}},"39":{"start":{"line":62,"column":24},"end":{"line":64,"column":3}},"40":{"start":{"line":63,"column":4},"end":{"line":63,"column":null}},"41":{"start":{"line":65,"column":30},"end":{"line":67,"column":3}},"42":{"start":{"line":66,"column":4},"end":{"line":66,"column":null}},"43":{"start":{"line":68,"column":23},"end":{"line":73,"column":3}},"44":{"start":{"line":69,"column":4},"end":{"line":72,"column":null}},"45":{"start":{"line":76,"column":2},"end":{"line":88,"column":null}},"46":{"start":{"line":9,"column":0},"end":{"line":9,"column":24}}},"fnMap":{"0":{"name":"roomActions","decl":{"start":{"line":9,"column":24},"end":{"line":9,"column":35}},"loc":{"start":{"line":9,"column":35},"end":{"line":89,"column":1}}},"1":{"name":"(anonymous_1)","decl":{"start":{"line":12,"column":24},"end":{"line":12,"column":25}},"loc":{"start":{"line":12,"column":41},"end":{"line":24,"column":3}}},"2":{"name":"(anonymous_2)","decl":{"start":{"line":25,"column":23},"end":{"line":25,"column":24}},"loc":{"start":{"line":25,"column":42},"end":{"line":27,"column":3}}},"3":{"name":"(anonymous_3)","decl":{"start":{"line":29,"column":18},"end":{"line":29,"column":19}},"loc":{"start":{"line":29,"column":60},"end":{"line":31,"column":3}}},"4":{"name":"(anonymous_4)","decl":{"start":{"line":33,"column":25},"end":{"line":33,"column":26}},"loc":{"start":{"line":33,"column":43},"end":{"line":35,"column":3}}},"5":{"name":"(anonymous_5)","decl":{"start":{"line":36,"column":25},"end":{"line":36,"column":26}},"loc":{"start":{"line":36,"column":43},"end":{"line":39,"column":3}}},"6":{"name":"(anonymous_6)","decl":{"start":{"line":40,"column":25},"end":{"line":40,"column":26}},"loc":{"start":{"line":40,"column":43},"end":{"line":43,"column":3}}},"7":{"name":"(anonymous_7)","decl":{"start":{"line":45,"column":25},"end":{"line":45,"column":36}},"loc":{"start":{"line":45,"column":38},"end":{"line":58,"column":3}}},"8":{"name":"(anonymous_8)","decl":{"start":{"line":48,"column":27},"end":{"line":48,"column":28}},"loc":{"start":{"line":48,"column":39},"end":{"line":48,"column":72}}},"9":{"name":"(anonymous_9)","decl":{"start":{"line":51,"column":21},"end":{"line":51,"column":22}},"loc":{"start":{"line":51,"column":31},"end":{"line":51,"column":63}}},"10":{"name":"(anonymous_10)","decl":{"start":{"line":52,"column":19},"end":{"line":52,"column":20}},"loc":{"start":{"line":52,"column":29},"end":{"line":52,"column":61}}},"11":{"name":"(anonymous_11)","decl":{"start":{"line":59,"column":19},"end":{"line":59,"column":22}},"loc":{"start":{"line":59,"column":24},"end":{"line":61,"column":3}}},"12":{"name":"(anonymous_12)","decl":{"start":{"line":62,"column":24},"end":{"line":62,"column":25}},"loc":{"start":{"line":62,"column":39},"end":{"line":64,"column":3}}},"13":{"name":"(anonymous_13)","decl":{"start":{"line":65,"column":30},"end":{"line":65,"column":31}},"loc":{"start":{"line":65,"column":82},"end":{"line":67,"column":3}}},"14":{"name":"(anonymous_14)","decl":{"start":{"line":68,"column":23},"end":{"line":68,"column":24}},"loc":{"start":{"line":68,"column":44},"end":{"line":73,"column":3}}}},"branchMap":{"0":{"loc":{"start":{"line":51,"column":6},"end":{"line":55,"column":7}},"type":"if","locations":[{"start":{"line":51,"column":6},"end":{"line":55,"column":7}},{"start":{"line":53,"column":13},"end":{"line":55,"column":7}}]}},"s":{"0":0,"1":0,"2":0,"3":0,"4":0,"5":0,"6":0,"7":0,"8":0,"9":0,"10":0,"11":0,"12":0,"13":0,"14":0,"15":0,"16":0,"17":0,"18":0,"19":0,"20":0,"21":0,"22":0,"23":0,"24":0,"25":0,"26":0,"27":0,"28":0,"29":0,"30":0,"31":0,"32":0,"33":0,"34":0,"35":0,"36":0,"37":0,"38":0,"39":0,"40":0,"41":0,"42":0,"43":0,"44":0,"45":0,"46":0},"f":{"0":0,"1":0,"2":0,"3":0,"4":0,"5":0,"6":0,"7":0,"8":0,"9":0,"10":0,"11":0,"12":0,"13":0,"14":0},"b":{"0":[0,0]}}
,"C:\\Users\\monte\\Documents\\Pragma\\poker-game\\src\\lib\\hooks\\room\\slices\\roomSlice.ts": {"path":"C:\\Users\\monte\\Documents\\Pragma\\poker-game\\src\\lib\\hooks\\room\\slices\\roomSlice.ts","statementMap":{"0":{"start":{"line":1,"column":0},"end":{"line":1,"column":46}},"1":{"start":{"line":4,"column":0},"end":{"line":4,"column":52}},"2":{"start":{"line":5,"column":27},"end":{"line":12,"column":null}},"3":{"start":{"line":14,"column":18},"end":{"line":85,"column":2}},"4":{"start":{"line":18,"column":6},"end":{"line":18,"column":null}},"5":{"start":{"line":21,"column":6},"end":{"line":24,"column":null}},"6":{"start":{"line":27,"column":26},"end":{"line":27,"column":null}},"7":{"start":{"line":28,"column":6},"end":{"line":36,"column":null}},"8":{"start":{"line":31,"column":10},"end":{"line":33,"column":11}},"9":{"start":{"line":32,"column":12},"end":{"line":32,"column":null}},"10":{"start":{"line":34,"column":10},"end":{"line":34,"column":null}},"11":{"start":{"line":39,"column":6},"end":{"line":42,"column":null}},"12":{"start":{"line":45,"column":6},"end":{"line":51,"column":null}},"13":{"start":{"line":49,"column":10},"end":{"line":49,"column":null}},"14":{"start":{"line":54,"column":6},"end":{"line":57,"column":null}},"15":{"start":{"line":60,"column":6},"end":{"line":69,"column":null}},"16":{"start":{"line":64,"column":10},"end":{"line":64,"column":null}},"17":{"start":{"line":67,"column":10},"end":{"line":67,"column":null}},"18":{"start":{"line":72,"column":33},"end":{"line":72,"column":40}},"19":{"start":{"line":73,"column":6},"end":{"line":81,"column":null}},"20":{"start":{"line":76,"column":10},"end":{"line":78,"column":11}},"21":{"start":{"line":77,"column":12},"end":{"line":77,"column":null}},"22":{"start":{"line":79,"column":10},"end":{"line":79,"column":null}},"23":{"start":{"line":87,"column":13},"end":{"line":87,"column":null}},"24":{"start":{"line":88,"column":13},"end":{"line":88,"column":null}},"25":{"start":{"line":89,"column":13},"end":{"line":89,"column":null}},"26":{"start":{"line":90,"column":13},"end":{"line":90,"column":null}},"27":{"start":{"line":91,"column":13},"end":{"line":91,"column":null}},"28":{"start":{"line":92,"column":13},"end":{"line":92,"column":null}},"29":{"start":{"line":93,"column":13},"end":{"line":93,"column":null}},"30":{"start":{"line":94,"column":13},"end":{"line":94,"column":null}},"31":{"start":{"line":95,"column":13},"end":{"line":95,"column":null}},"32":{"start":{"line":102,"column":85},"end":{"line":102,"column":37875}},"33":{"start":{"line":102,"column":89},"end":{"line":102,"column":37864}},"34":{"start":{"line":102,"column":37990},"end":{"line":102,"column":37996}},"35":{"start":{"line":102,"column":38111},"end":{"line":102,"column":38117}},"36":{"start":{"line":102,"column":38199},"end":{"line":102,"column":38205}},"37":{"start":{"line":102,"column":38290},"end":{"line":102,"column":38296}}},"fnMap":{"0":{"name":"(anonymous_0)","decl":{"start":{"line":17,"column":16},"end":{"line":17,"column":17}},"loc":{"start":{"line":17,"column":56},"end":{"line":19,"column":5}}},"1":{"name":"(anonymous_1)","decl":{"start":{"line":20,"column":15},"end":{"line":20,"column":16}},"loc":{"start":{"line":20,"column":61},"end":{"line":25,"column":5}}},"2":{"name":"(anonymous_2)","decl":{"start":{"line":26,"column":10},"end":{"line":26,"column":11}},"loc":{"start":{"line":26,"column":91},"end":{"line":37,"column":5}}},"3":{"name":"(anonymous_3)","decl":{"start":{"line":30,"column":35},"end":{"line":30,"column":36}},"loc":{"start":{"line":30,"column":46},"end":{"line":35,"column":9}}},"4":{"name":"(anonymous_4)","decl":{"start":{"line":38,"column":17},"end":{"line":38,"column":18}},"loc":{"start":{"line":38,"column":63},"end":{"line":43,"column":5}}},"5":{"name":"(anonymous_5)","decl":{"start":{"line":44,"column":17},"end":{"line":44,"column":18}},"loc":{"start":{"line":44,"column":63},"end":{"line":52,"column":5}}},"6":{"name":"(anonymous_6)","decl":{"start":{"line":48,"column":35},"end":{"line":48,"column":36}},"loc":{"start":{"line":48,"column":46},"end":{"line":50,"column":9}}},"7":{"name":"(anonymous_7)","decl":{"start":{"line":53,"column":12},"end":{"line":53,"column":13}},"loc":{"start":{"line":53,"column":22},"end":{"line":58,"column":5}}},"8":{"name":"(anonymous_8)","decl":{"start":{"line":59,"column":11},"end":{"line":59,"column":12}},"loc":{"start":{"line":59,"column":21},"end":{"line":70,"column":5}}},"9":{"name":"(anonymous_9)","decl":{"start":{"line":63,"column":35},"end":{"line":63,"column":36}},"loc":{"start":{"line":63,"column":46},"end":{"line":65,"column":9}}},"10":{"name":"(anonymous_10)","decl":{"start":{"line":66,"column":31},"end":{"line":66,"column":32}},"loc":{"start":{"line":66,"column":40},"end":{"line":68,"column":9}}},"11":{"name":"(anonymous_11)","decl":{"start":{"line":71,"column":22},"end":{"line":71,"column":23}},"loc":{"start":{"line":71,"column":113},"end":{"line":82,"column":5}}},"12":{"name":"(anonymous_12)","decl":{"start":{"line":75,"column":35},"end":{"line":75,"column":36}},"loc":{"start":{"line":75,"column":46},"end":{"line":80,"column":9}}},"13":{"name":"oo_cm","decl":{"start":{"line":102,"column":77},"end":{"line":102,"column":82}},"loc":{"start":{"line":102,"column":82},"end":{"line":102,"column":37876}}}},"branchMap":{"0":{"loc":{"start":{"line":31,"column":10},"end":{"line":33,"column":11}},"type":"if","locations":[{"start":{"line":31,"column":10},"end":{"line":33,"column":11}}]},"1":{"loc":{"start":{"line":76,"column":10},"end":{"line":78,"column":11}},"type":"if","locations":[{"start":{"line":76,"column":10},"end":{"line":78,"column":11}}]},"2":{"loc":{"start":{"line":102,"column":96},"end":{"line":102,"column":37863}},"type":"binary-expr","locations":[{"start":{"line":102,"column":96},"end":{"line":102,"column":133}},{"start":{"line":102,"column":137},"end":{"line":102,"column":37863}}]}},"s":{"0":1,"1":1,"2":1,"3":1,"4":1,"5":1,"6":1,"7":1,"8":1,"9":1,"10":0,"11":1,"12":1,"13":1,"14":1,"15":1,"16":1,"17":1,"18":1,"19":1,"20":1,"21":1,"22":0,"23":1,"24":1,"25":1,"26":1,"27":1,"28":1,"29":1,"30":1,"31":1,"32":1,"33":1,"34":1,"35":1,"36":1,"37":1},"f":{"0":1,"1":1,"2":1,"3":1,"4":1,"5":1,"6":1,"7":1,"8":1,"9":1,"10":1,"11":1,"12":1,"13":1},"b":{"0":[1],"1":[1],"2":[1,1]}}
,"C:\\Users\\monte\\Documents\\Pragma\\poker-game\\src\\lib\\store\\store.ts": {"path":"C:\\Users\\monte\\Documents\\Pragma\\poker-game\\src\\lib\\store\\store.ts","statementMap":{"0":{"start":{"line":1,"column":0},"end":{"line":1,"column":49}},"1":{"start":{"line":2,"column":0},"end":{"line":2,"column":67}},"2":{"start":{"line":3,"column":0},"end":{"line":3,"column":73}},"3":{"start":{"line":4,"column":13},"end":{"line":9,"column":null}},"4":{"start":{"line":11,"column":0},"end":{"line":11,"column":null}}},"fnMap":{},"branchMap":{},"s":{"0":0,"1":0,"2":0,"3":0,"4":0},"f":{},"b":{}}
,"C:\\Users\\monte\\Documents\\Pragma\\poker-game\\src\\pages\\Home..tsx": {"path":"C:\\Users\\monte\\Documents\\Pragma\\poker-game\\src\\pages\\Home..tsx","statementMap":{"0":{"start":{"line":1,"column":0},"end":{"line":1,"column":41}},"1":{"start":{"line":2,"column":0},"end":{"line":2,"column":39}},"2":{"start":{"line":3,"column":0},"end":{"line":3,"column":53}},"3":{"start":{"line":4,"column":0},"end":{"line":4,"column":55}},"4":{"start":{"line":5,"column":0},"end":{"line":5,"column":50}},"5":{"start":{"line":6,"column":0},"end":{"line":6,"column":48}},"6":{"start":{"line":7,"column":0},"end":{"line":7,"column":58}},"7":{"start":{"line":8,"column":0},"end":{"line":8,"column":60}},"8":{"start":{"line":9,"column":0},"end":{"line":9,"column":46}},"9":{"start":{"line":10,"column":0},"end":{"line":10,"column":35}},"10":{"start":{"line":11,"column":0},"end":{"line":11,"column":62}},"11":{"start":{"line":13,"column":20},"end":{"line":13,"column":33}},"12":{"start":{"line":14,"column":32},"end":{"line":14,"column":62}},"13":{"start":{"line":15,"column":42},"end":{"line":15,"column":54}},"14":{"start":{"line":16,"column":32},"end":{"line":16,"column":47}},"15":{"start":{"line":17,"column":28},"end":{"line":17,"column":41}},"16":{"start":{"line":18,"column":23},"end":{"line":27,"column":3}},"17":{"start":{"line":19,"column":18},"end":{"line":19,"column":39}},"18":{"start":{"line":20,"column":4},"end":{"line":26,"column":5}},"19":{"start":{"line":21,"column":6},"end":{"line":21,"column":null}},"20":{"start":{"line":22,"column":6},"end":{"line":22,"column":null}},"21":{"start":{"line":24,"column":6},"end":{"line":24,"column":null}},"22":{"start":{"line":25,"column":6},"end":{"line":25,"column":null}},"23":{"start":{"line":28,"column":23},"end":{"line":34,"column":3}},"24":{"start":{"line":29,"column":4},"end":{"line":29,"column":null}},"25":{"start":{"line":30,"column":17},"end":{"line":30,"column":46}},"26":{"start":{"line":31,"column":21},"end":{"line":31,"column":54}},"27":{"start":{"line":32,"column":4},"end":{"line":32,"column":null}},"28":{"start":{"line":33,"column":4},"end":{"line":33,"column":null}},"29":{"start":{"line":35,"column":2},"end":{"line":37,"column":null}},"30":{"start":{"line":36,"column":4},"end":{"line":36,"column":null}},"31":{"start":{"line":36,"column":55},"end":{"line":36,"column":84}},"32":{"start":{"line":39,"column":2},"end":{"line":62,"column":null}},"33":{"start":{"line":12,"column":0},"end":{"line":12,"column":24}}},"fnMap":{"0":{"name":"Home","decl":{"start":{"line":12,"column":24},"end":{"line":12,"column":28}},"loc":{"start":{"line":12,"column":28},"end":{"line":63,"column":1}}},"1":{"name":"(anonymous_1)","decl":{"start":{"line":18,"column":23},"end":{"line":18,"column":24}},"loc":{"start":{"line":18,"column":66},"end":{"line":27,"column":3}}},"2":{"name":"(anonymous_2)","decl":{"start":{"line":28,"column":23},"end":{"line":28,"column":24}},"loc":{"start":{"line":28,"column":63},"end":{"line":34,"column":3}}},"3":{"name":"(anonymous_3)","decl":{"start":{"line":35,"column":10},"end":{"line":35,"column":13}},"loc":{"start":{"line":35,"column":15},"end":{"line":37,"column":3}}},"4":{"name":"(anonymous_4)","decl":{"start":{"line":36,"column":39},"end":{"line":36,"column":40}},"loc":{"start":{"line":36,"column":55},"end":{"line":36,"column":84}}}},"branchMap":{"0":{"loc":{"start":{"line":45,"column":9},"end":{"line":58,"column":null}},"type":"cond-expr","locations":[{"start":{"line":45,"column":19},"end":{"line":45,"column":46}},{"start":{"line":46,"column":10},"end":{"line":57,"column":null}}]},"1":{"loc":{"start":{"line":53,"column":15},"end":{"line":54,"column":null}},"type":"binary-expr","locations":[{"start":{"line":53,"column":15},"end":{"line":53,"column":23}},{"start":{"line":53,"column":27},"end":{"line":53,"column":42}},{"start":{"line":54,"column":16},"end":{"line":54,"column":75}}]},"2":{"loc":{"start":{"line":57,"column":30},"end":{"line":57,"column":47}},"type":"binary-expr","locations":[{"start":{"line":57,"column":30},"end":{"line":57,"column":38}},{"start":{"line":57,"column":42},"end":{"line":57,"column":47}}]}},"s":{"0":0,"1":0,"2":0,"3":0,"4":0,"5":0,"6":0,"7":0,"8":0,"9":0,"10":0,"11":0,"12":0,"13":0,"14":0,"15":0,"16":0,"17":0,"18":0,"19":0,"20":0,"21":0,"22":0,"23":0,"24":0,"25":0,"26":0,"27":0,"28":0,"29":0,"30":0,"31":0,"32":0,"33":0},"f":{"0":0,"1":0,"2":0,"3":0,"4":0},"b":{"0":[0,0],"1":[0,0,0],"2":[0,0]}}
,"C:\\Users\\monte\\Documents\\Pragma\\poker-game\\src\\pages\\Room.tsx": {"path":"C:\\Users\\monte\\Documents\\Pragma\\poker-game\\src\\pages\\Room.tsx","statementMap":{"0":{"start":{"line":1,"column":0},"end":{"line":1,"column":39}},"1":{"start":{"line":2,"column":0},"end":{"line":2,"column":44}},"2":{"start":{"line":3,"column":0},"end":{"line":3,"column":58}},"3":{"start":{"line":4,"column":0},"end":{"line":4,"column":58}},"4":{"start":{"line":5,"column":0},"end":{"line":5,"column":50}},"5":{"start":{"line":6,"column":0},"end":{"line":6,"column":51}},"6":{"start":{"line":7,"column":0},"end":{"line":7,"column":42}},"7":{"start":{"line":8,"column":0},"end":{"line":8,"column":55}},"8":{"start":{"line":9,"column":0},"end":{"line":9,"column":86}},"9":{"start":{"line":10,"column":0},"end":{"line":10,"column":57}},"10":{"start":{"line":11,"column":0},"end":{"line":11,"column":40}},"11":{"start":{"line":12,"column":0},"end":{"line":12,"column":76}},"12":{"start":{"line":13,"column":0},"end":{"line":13,"column":35}},"13":{"start":{"line":14,"column":0},"end":{"line":14,"column":42}},"14":{"start":{"line":15,"column":0},"end":{"line":15,"column":52}},"15":{"start":{"line":16,"column":0},"end":{"line":16,"column":46}},"16":{"start":{"line":17,"column":0},"end":{"line":17,"column":61}},"17":{"start":{"line":18,"column":0},"end":{"line":18,"column":74}},"18":{"start":{"line":21,"column":130},"end":{"line":21,"column":143}},"19":{"start":{"line":22,"column":44},"end":{"line":22,"column":59}},"20":{"start":{"line":23,"column":20},"end":{"line":23,"column":33}},"21":{"start":{"line":24,"column":17},"end":{"line":24,"column":28}},"22":{"start":{"line":25,"column":20},"end":{"line":25,"column":51}},"23":{"start":{"line":26,"column":38},"end":{"line":26,"column":76}},"24":{"start":{"line":27,"column":38},"end":{"line":27,"column":76}},"25":{"start":{"line":28,"column":34},"end":{"line":28,"column":46}},"26":{"start":{"line":30,"column":2},"end":{"line":41,"column":null}},"27":{"start":{"line":31,"column":19},"end":{"line":31,"column":28}},"28":{"start":{"line":32,"column":4},"end":{"line":40,"column":null}},"29":{"start":{"line":36,"column":8},"end":{"line":39,"column":9}},"30":{"start":{"line":36,"column":21},"end":{"line":36,"column":null}},"31":{"start":{"line":38,"column":10},"end":{"line":38,"column":null}},"32":{"start":{"line":42,"column":2},"end":{"line":50,"column":null}},"33":{"start":{"line":43,"column":4},"end":{"line":43,"column":null}},"34":{"start":{"line":43,"column":50},"end":{"line":43,"column":70}},"35":{"start":{"line":44,"column":4},"end":{"line":44,"column":null}},"36":{"start":{"line":44,"column":43},"end":{"line":44,"column":83}},"37":{"start":{"line":45,"column":4},"end":{"line":45,"column":null}},"38":{"start":{"line":45,"column":51},"end":{"line":45,"column":74}},"39":{"start":{"line":46,"column":4},"end":{"line":46,"column":null}},"40":{"start":{"line":46,"column":51},"end":{"line":46,"column":100}},"41":{"start":{"line":47,"column":4},"end":{"line":47,"column":null}},"42":{"start":{"line":47,"column":51},"end":{"line":47,"column":72}},"43":{"start":{"line":48,"column":4},"end":{"line":48,"column":null}},"44":{"start":{"line":48,"column":50},"end":{"line":48,"column":71}},"45":{"start":{"line":49,"column":4},"end":{"line":49,"column":null}},"46":{"start":{"line":49,"column":40},"end":{"line":49,"column":50}},"47":{"start":{"line":52,"column":2},"end":{"line":60,"column":null}},"48":{"start":{"line":53,"column":23},"end":{"line":58,"column":6}},"49":{"start":{"line":54,"column":20},"end":{"line":54,"column":36}},"50":{"start":{"line":55,"column":6},"end":{"line":55,"column":null}},"51":{"start":{"line":56,"column":6},"end":{"line":56,"column":null}},"52":{"start":{"line":57,"column":6},"end":{"line":57,"column":null}},"53":{"start":{"line":59,"column":4},"end":{"line":59,"column":null}},"54":{"start":{"line":59,"column":17},"end":{"line":59,"column":29}},"55":{"start":{"line":62,"column":28},"end":{"line":62,"column":64}},"56":{"start":{"line":62,"column":34},"end":{"line":62,"column":64}},"57":{"start":{"line":63,"column":32},"end":{"line":79,"column":3}},"58":{"start":{"line":64,"column":20},"end":{"line":64,"column":89}},"59":{"start":{"line":65,"column":4},"end":{"line":78,"column":null}},"60":{"start":{"line":69,"column":8},"end":{"line":69,"column":null}},"61":{"start":{"line":70,"column":8},"end":{"line":76,"column":9}},"62":{"start":{"line":71,"column":10},"end":{"line":71,"column":null}},"63":{"start":{"line":72,"column":10},"end":{"line":72,"column":null}},"64":{"start":{"line":74,"column":10},"end":{"line":74,"column":null}},"65":{"start":{"line":75,"column":10},"end":{"line":75,"column":null}},"66":{"start":{"line":80,"column":18},"end":{"line":80,"column":49}},"67":{"start":{"line":81,"column":30},"end":{"line":81,"column":64}},"68":{"start":{"line":81,"column":36},"end":{"line":81,"column":64}},"69":{"start":{"line":82,"column":2},"end":{"line":112,"column":null}},"70":{"start":{"line":20,"column":0},"end":{"line":20,"column":24}}},"fnMap":{"0":{"name":"Room","decl":{"start":{"line":20,"column":24},"end":{"line":20,"column":28}},"loc":{"start":{"line":20,"column":28},"end":{"line":113,"column":1}}},"1":{"name":"(anonymous_1)","decl":{"start":{"line":30,"column":12},"end":{"line":30,"column":15}},"loc":{"start":{"line":30,"column":17},"end":{"line":41,"column":3}}},"2":{"name":"(anonymous_2)","decl":{"start":{"line":35,"column":6},"end":{"line":35,"column":7}},"loc":{"start":{"line":35,"column":39},"end":{"line":40,"column":7}}},"3":{"name":"(anonymous_3)","decl":{"start":{"line":42,"column":12},"end":{"line":42,"column":15}},"loc":{"start":{"line":42,"column":17},"end":{"line":50,"column":3}}},"4":{"name":"(anonymous_4)","decl":{"start":{"line":43,"column":38},"end":{"line":43,"column":39}},"loc":{"start":{"line":43,"column":50},"end":{"line":43,"column":70}}},"5":{"name":"(anonymous_5)","decl":{"start":{"line":44,"column":33},"end":{"line":44,"column":34}},"loc":{"start":{"line":44,"column":43},"end":{"line":44,"column":83}}},"6":{"name":"(anonymous_6)","decl":{"start":{"line":45,"column":38},"end":{"line":45,"column":39}},"loc":{"start":{"line":45,"column":51},"end":{"line":45,"column":74}}},"7":{"name":"(anonymous_7)","decl":{"start":{"line":46,"column":39},"end":{"line":46,"column":40}},"loc":{"start":{"line":46,"column":51},"end":{"line":46,"column":100}}},"8":{"name":"(anonymous_8)","decl":{"start":{"line":47,"column":40},"end":{"line":47,"column":41}},"loc":{"start":{"line":47,"column":51},"end":{"line":47,"column":72}}},"9":{"name":"(anonymous_9)","decl":{"start":{"line":48,"column":35},"end":{"line":48,"column":36}},"loc":{"start":{"line":48,"column":50},"end":{"line":48,"column":71}}},"10":{"name":"(anonymous_10)","decl":{"start":{"line":49,"column":34},"end":{"line":49,"column":37}},"loc":{"start":{"line":49,"column":40},"end":{"line":49,"column":50}}},"11":{"name":"(anonymous_11)","decl":{"start":{"line":52,"column":12},"end":{"line":52,"column":15}},"loc":{"start":{"line":52,"column":17},"end":{"line":60,"column":3}}},"12":{"name":"(anonymous_12)","decl":{"start":{"line":53,"column":39},"end":{"line":53,"column":42}},"loc":{"start":{"line":53,"column":44},"end":{"line":58,"column":5}}},"13":{"name":"(anonymous_13)","decl":{"start":{"line":59,"column":11},"end":{"line":59,"column":14}},"loc":{"start":{"line":59,"column":17},"end":{"line":59,"column":29}}},"14":{"name":"(anonymous_14)","decl":{"start":{"line":62,"column":28},"end":{"line":62,"column":31}},"loc":{"start":{"line":62,"column":34},"end":{"line":62,"column":64}}},"15":{"name":"(anonymous_15)","decl":{"start":{"line":63,"column":32},"end":{"line":63,"column":35}},"loc":{"start":{"line":63,"column":37},"end":{"line":79,"column":3}}},"16":{"name":"(anonymous_16)","decl":{"start":{"line":68,"column":6},"end":{"line":68,"column":7}},"loc":{"start":{"line":68,"column":66},"end":{"line":77,"column":7}}},"17":{"name":"(anonymous_17)","decl":{"start":{"line":81,"column":30},"end":{"line":81,"column":33}},"loc":{"start":{"line":81,"column":36},"end":{"line":81,"column":64}}}},"branchMap":{"0":{"loc":{"start":{"line":36,"column":8},"end":{"line":39,"column":9}},"type":"if","locations":[{"start":{"line":36,"column":8},"end":{"line":39,"column":9}},{"start":{"line":37,"column":13},"end":{"line":39,"column":9}}]},"1":{"loc":{"start":{"line":64,"column":20},"end":{"line":64,"column":89}},"type":"cond-expr","locations":[{"start":{"line":64,"column":53},"end":{"line":64,"column":71}},{"start":{"line":64,"column":74},"end":{"line":64,"column":89}}]},"2":{"loc":{"start":{"line":70,"column":8},"end":{"line":76,"column":9}},"type":"if","locations":[{"start":{"line":70,"column":8},"end":{"line":76,"column":9}},{"start":{"line":73,"column":15},"end":{"line":76,"column":9}}]},"3":{"loc":{"start":{"line":98,"column":34},"end":{"line":98,"column":91}},"type":"cond-expr","locations":[{"start":{"line":98,"column":67},"end":{"line":98,"column":79}},{"start":{"line":98,"column":82},"end":{"line":98,"column":91}}]},"4":{"loc":{"start":{"line":100,"column":83},"end":{"line":100,"column":101}},"type":"binary-expr","locations":[{"start":{"line":100,"column":83},"end":{"line":100,"column":93}},{"start":{"line":100,"column":97},"end":{"line":100,"column":101}}]}},"s":{"0":0,"1":0,"2":0,"3":0,"4":0,"5":0,"6":0,"7":0,"8":0,"9":0,"10":0,"11":0,"12":0,"13":0,"14":0,"15":0,"16":0,"17":0,"18":0,"19":0,"20":0,"21":0,"22":0,"23":0,"24":0,"25":0,"26":0,"27":0,"28":0,"29":0,"30":0,"31":0,"32":0,"33":0,"34":0,"35":0,"36":0,"37":0,"38":0,"39":0,"40":0,"41":0,"42":0,"43":0,"44":0,"45":0,"46":0,"47":0,"48":0,"49":0,"50":0,"51":0,"52":0,"53":0,"54":0,"55":0,"56":0,"57":0,"58":0,"59":0,"60":0,"61":0,"62":0,"63":0,"64":0,"65":0,"66":0,"67":0,"68":0,"69":0,"70":0},"f":{"0":0,"1":0,"2":0,"3":0,"4":0,"5":0,"6":0,"7":0,"8":0,"9":0,"10":0,"11":0,"12":0,"13":0,"14":0,"15":0,"16":0,"17":0},"b":{"0":[0,0],"1":[0,0],"2":[0,0],"3":[0,0],"4":[0,0]}}
,"C:\\Users\\monte\\Documents\\Pragma\\poker-game\\src\\pages\\Splash.tsx": {"path":"C:\\Users\\monte\\Documents\\Pragma\\poker-game\\src\\pages\\Splash.tsx","statementMap":{"0":{"start":{"line":1,"column":0},"end":{"line":1,"column":46}},"1":{"start":{"line":2,"column":0},"end":{"line":2,"column":57}},"2":{"start":{"line":3,"column":0},"end":{"line":3,"column":33}},"3":{"start":{"line":4,"column":0},"end":{"line":4,"column":46}},"4":{"start":{"line":7,"column":19},"end":{"line":7,"column":32}},"5":{"start":{"line":8,"column":2},"end":{"line":12,"column":null}},"6":{"start":{"line":9,"column":4},"end":{"line":11,"column":null}},"7":{"start":{"line":10,"column":6},"end":{"line":10,"column":null}},"8":{"start":{"line":13,"column":2},"end":{"line":18,"column":null}},"9":{"start":{"line":6,"column":0},"end":{"line":6,"column":24}}},"fnMap":{"0":{"name":"Splash","decl":{"start":{"line":6,"column":24},"end":{"line":6,"column":30}},"loc":{"start":{"line":6,"column":30},"end":{"line":19,"column":1}}},"1":{"name":"(anonymous_1)","decl":{"start":{"line":8,"column":12},"end":{"line":8,"column":15}},"loc":{"start":{"line":8,"column":17},"end":{"line":12,"column":3}}},"2":{"name":"(anonymous_2)","decl":{"start":{"line":9,"column":15},"end":{"line":9,"column":18}},"loc":{"start":{"line":9,"column":20},"end":{"line":11,"column":5}}}},"branchMap":{},"s":{"0":0,"1":0,"2":0,"3":0,"4":0,"5":0,"6":0,"7":0,"8":0,"9":0},"f":{"0":0,"1":0,"2":0},"b":{}}
,"C:\\Users\\monte\\Documents\\Pragma\\poker-game\\src\\pages\\components\\ChangeCardsDialog.tsx": {"path":"C:\\Users\\monte\\Documents\\Pragma\\poker-game\\src\\pages\\components\\ChangeCardsDialog.tsx","statementMap":{"0":{"start":{"line":1,"column":0},"end":{"line":1,"column":65}},"1":{"start":{"line":2,"column":0},"end":{"line":2,"column":70}},"2":{"start":{"line":3,"column":0},"end":{"line":3,"column":43}},"3":{"start":{"line":4,"column":0},"end":{"line":4,"column":53}},"4":{"start":{"line":5,"column":0},"end":{"line":5,"column":63}},"5":{"start":{"line":6,"column":0},"end":{"line":6,"column":38}},"6":{"start":{"line":7,"column":0},"end":{"line":7,"column":45}},"7":{"start":{"line":8,"column":0},"end":{"line":8,"column":57}},"8":{"start":{"line":13,"column":28},"end":{"line":13,"column":50}},"9":{"start":{"line":14,"column":23},"end":{"line":22,"column":3}},"10":{"start":{"line":15,"column":4},"end":{"line":15,"column":null}},"11":{"start":{"line":16,"column":17},"end":{"line":16,"column":46}},"12":{"start":{"line":17,"column":22},"end":{"line":17,"column":69}},"13":{"start":{"line":18,"column":4},"end":{"line":21,"column":null}},"14":{"start":{"line":23,"column":2},"end":{"line":28,"column":null}},"15":{"start":{"line":24,"column":4},"end":{"line":24,"column":null}},"16":{"start":{"line":25,"column":4},"end":{"line":27,"column":5}},"17":{"start":{"line":26,"column":6},"end":{"line":26,"column":null}},"18":{"start":{"line":26,"column":25},"end":{"line":26,"column":40}},"19":{"start":{"line":29,"column":2},"end":{"line":38,"column":null}},"20":{"start":{"line":33,"column":10},"end":{"line":33,"column":79}},"21":{"start":{"line":12,"column":0},"end":{"line":12,"column":24}}},"fnMap":{"0":{"name":"ChangeCardsDialog","decl":{"start":{"line":12,"column":24},"end":{"line":12,"column":41}},"loc":{"start":{"line":12,"column":67},"end":{"line":39,"column":1}}},"1":{"name":"(anonymous_1)","decl":{"start":{"line":14,"column":23},"end":{"line":14,"column":24}},"loc":{"start":{"line":14,"column":63},"end":{"line":22,"column":3}}},"2":{"name":"(anonymous_2)","decl":{"start":{"line":23,"column":12},"end":{"line":23,"column":15}},"loc":{"start":{"line":23,"column":17},"end":{"line":28,"column":3}}},"3":{"name":"(anonymous_3)","decl":{"start":{"line":26,"column":15},"end":{"line":26,"column":16}},"loc":{"start":{"line":26,"column":25},"end":{"line":26,"column":40}}},"4":{"name":"(anonymous_4)","decl":{"start":{"line":32,"column":19},"end":{"line":32,"column":20}},"loc":{"start":{"line":33,"column":10},"end":{"line":33,"column":79}}}},"branchMap":{},"s":{"0":0,"1":0,"2":0,"3":0,"4":0,"5":0,"6":0,"7":0,"8":0,"9":0,"10":0,"11":0,"12":0,"13":0,"14":0,"15":0,"16":0,"17":0,"18":0,"19":0,"20":0,"21":0},"f":{"0":0,"1":0,"2":0,"3":0,"4":0},"b":{}}
,"C:\\Users\\monte\\Documents\\Pragma\\poker-game\\src\\pages\\components\\Footer.tsx": {"path":"C:\\Users\\monte\\Documents\\Pragma\\poker-game\\src\\pages\\components\\Footer.tsx","statementMap":{"0":{"start":{"line":1,"column":0},"end":{"line":1,"column":55}},"1":{"start":{"line":2,"column":0},"end":{"line":2,"column":43}},"2":{"start":{"line":3,"column":0},"end":{"line":3,"column":45}},"3":{"start":{"line":4,"column":0},"end":{"line":4,"column":38}},"4":{"start":{"line":5,"column":0},"end":{"line":5,"column":59}},"5":{"start":{"line":6,"column":0},"end":{"line":6,"column":64}},"6":{"start":{"line":8,"column":30},"end":{"line":8,"column":63}},"7":{"start":{"line":9,"column":38},"end":{"line":9,"column":53}},"8":{"start":{"line":10,"column":32},"end":{"line":10,"column":43}},"9":{"start":{"line":11,"column":25},"end":{"line":11,"column":40}},"10":{"start":{"line":12,"column":2},"end":{"line":19,"column":null}},"11":{"start":{"line":13,"column":23},"end":{"line":17,"column":6}},"12":{"start":{"line":14,"column":20},"end":{"line":14,"column":36}},"13":{"start":{"line":15,"column":6},"end":{"line":15,"column":null}},"14":{"start":{"line":16,"column":6},"end":{"line":16,"column":null}},"15":{"start":{"line":18,"column":4},"end":{"line":18,"column":null}},"16":{"start":{"line":18,"column":17},"end":{"line":18,"column":29}},"17":{"start":{"line":20,"column":2},"end":{"line":30,"column":null}},"18":{"start":{"line":21,"column":4},"end":{"line":29,"column":5}},"19":{"start":{"line":22,"column":22},"end":{"line":27,"column":11}},"20":{"start":{"line":23,"column":8},"end":{"line":25,"column":9}},"21":{"start":{"line":24,"column":10},"end":{"line":24,"column":null}},"22":{"start":{"line":26,"column":8},"end":{"line":26,"column":null}},"23":{"start":{"line":28,"column":6},"end":{"line":28,"column":null}},"24":{"start":{"line":28,"column":70},"end":{"line":28,"column":80}},"25":{"start":{"line":32,"column":26},"end":{"line":42,"column":3}},"26":{"start":{"line":33,"column":21},"end":{"line":33,"column":30}},"27":{"start":{"line":34,"column":4},"end":{"line":34,"column":null}},"28":{"start":{"line":35,"column":4},"end":{"line":41,"column":null}},"29":{"start":{"line":39,"column":8},"end":{"line":39,"column":null}},"30":{"start":{"line":44,"column":2},"end":{"line":62,"column":null}},"31":{"start":{"line":7,"column":0},"end":{"line":7,"column":24}}},"fnMap":{"0":{"name":"Footer","decl":{"start":{"line":7,"column":24},"end":{"line":7,"column":30}},"loc":{"start":{"line":7,"column":30},"end":{"line":63,"column":1}}},"1":{"name":"(anonymous_1)","decl":{"start":{"line":12,"column":12},"end":{"line":12,"column":15}},"loc":{"start":{"line":12,"column":17},"end":{"line":19,"column":3}}},"2":{"name":"(anonymous_2)","decl":{"start":{"line":13,"column":39},"end":{"line":13,"column":42}},"loc":{"start":{"line":13,"column":44},"end":{"line":17,"column":5}}},"3":{"name":"(anonymous_3)","decl":{"start":{"line":18,"column":11},"end":{"line":18,"column":14}},"loc":{"start":{"line":18,"column":17},"end":{"line":18,"column":29}}},"4":{"name":"(anonymous_4)","decl":{"start":{"line":20,"column":12},"end":{"line":20,"column":15}},"loc":{"start":{"line":20,"column":17},"end":{"line":30,"column":3}}},"5":{"name":"(anonymous_5)","decl":{"start":{"line":22,"column":57},"end":{"line":22,"column":58}},"loc":{"start":{"line":22,"column":71},"end":{"line":27,"column":7}}},"6":{"name":"(anonymous_6)","decl":{"start":{"line":28,"column":62},"end":{"line":28,"column":66}},"loc":{"start":{"line":28,"column":70},"end":{"line":28,"column":80}}},"7":{"name":"(anonymous_7)","decl":{"start":{"line":32,"column":26},"end":{"line":32,"column":27}},"loc":{"start":{"line":32,"column":43},"end":{"line":42,"column":3}}},"8":{"name":"(anonymous_8)","decl":{"start":{"line":38,"column":6},"end":{"line":38,"column":7}},"loc":{"start":{"line":38,"column":30},"end":{"line":40,"column":7}}},"9":{"name":"(anonymous_9)","decl":{"start":{"line":54,"column":61},"end":{"line":54,"column":64}},"loc":{"start":{"line":54,"column":66},"end":{"line":54,"column":70}}}},"branchMap":{"0":{"loc":{"start":{"line":21,"column":4},"end":{"line":29,"column":5}},"type":"if","locations":[{"start":{"line":21,"column":4},"end":{"line":29,"column":5}}]},"1":{"loc":{"start":{"line":23,"column":8},"end":{"line":25,"column":9}},"type":"if","locations":[{"start":{"line":23,"column":8},"end":{"line":25,"column":9}}]},"2":{"loc":{"start":{"line":23,"column":12},"end":{"line":23,"column":54}},"type":"binary-expr","locations":[{"start":{"line":23,"column":12},"end":{"line":23,"column":22}},{"start":{"line":23,"column":26},"end":{"line":23,"column":54}}]},"3":{"loc":{"start":{"line":48,"column":7},"end":{"line":59,"column":null}},"type":"cond-expr","locations":[{"start":{"line":49,"column":8},"end":{"line":50,"column":null}},{"start":{"line":53,"column":8},"end":{"line":58,"column":null}}]},"4":{"loc":{"start":{"line":50,"column":11},"end":{"line":50,"column":72}},"type":"binary-expr","locations":[{"start":{"line":50,"column":11},"end":{"line":50,"column":35}},{"start":{"line":50,"column":40},"end":{"line":50,"column":71}}]},"5":{"loc":{"start":{"line":54,"column":11},"end":{"line":54,"column":75}},"type":"binary-expr","locations":[{"start":{"line":54,"column":11},"end":{"line":54,"column":35}},{"start":{"line":54,"column":40},"end":{"line":54,"column":74}}]}},"s":{"0":0,"1":0,"2":0,"3":0,"4":0,"5":0,"6":0,"7":0,"8":0,"9":0,"10":0,"11":0,"12":0,"13":0,"14":0,"15":0,"16":0,"17":0,"18":0,"19":0,"20":0,"21":0,"22":0,"23":0,"24":0,"25":0,"26":0,"27":0,"28":0,"29":0,"30":0,"31":0},"f":{"0":0,"1":0,"2":0,"3":0,"4":0,"5":0,"6":0,"7":0,"8":0,"9":0},"b":{"0":[0],"1":[0],"2":[0,0],"3":[0,0],"4":[0,0],"5":[0,0]}}
,"C:\\Users\\monte\\Documents\\Pragma\\poker-game\\src\\pages\\components\\GameTable.tsx": {"path":"C:\\Users\\monte\\Documents\\Pragma\\poker-game\\src\\pages\\components\\GameTable.tsx","statementMap":{"0":{"start":{"line":1,"column":0},"end":{"line":1,"column":51}},"1":{"start":{"line":2,"column":0},"end":{"line":2,"column":45}},"2":{"start":{"line":3,"column":0},"end":{"line":3,"column":53}},"3":{"start":{"line":4,"column":0},"end":{"line":4,"column":51}},"4":{"start":{"line":5,"column":0},"end":{"line":5,"column":65}},"5":{"start":{"line":6,"column":0},"end":{"line":6,"column":63}},"6":{"start":{"line":7,"column":0},"end":{"line":7,"column":48}},"7":{"start":{"line":8,"column":0},"end":{"line":8,"column":38}},"8":{"start":{"line":9,"column":0},"end":{"line":9,"column":59}},"9":{"start":{"line":10,"column":0},"end":{"line":10,"column":51}},"10":{"start":{"line":12,"column":25},"end":{"line":12,"column":56}},"11":{"start":{"line":13,"column":32},"end":{"line":13,"column":47}},"12":{"start":{"line":14,"column":38},"end":{"line":14,"column":53}},"13":{"start":{"line":15,"column":38},"end":{"line":15,"column":53}},"14":{"start":{"line":16,"column":32},"end":{"line":16,"column":71}},"15":{"start":{"line":17,"column":2},"end":{"line":29,"column":null}},"16":{"start":{"line":18,"column":23},"end":{"line":27,"column":6}},"17":{"start":{"line":19,"column":20},"end":{"line":19,"column":36}},"18":{"start":{"line":20,"column":6},"end":{"line":20,"column":null}},"19":{"start":{"line":21,"column":23},"end":{"line":21,"column":38}},"20":{"start":{"line":22,"column":6},"end":{"line":22,"column":null}},"21":{"start":{"line":23,"column":6},"end":{"line":25,"column":null}},"22":{"start":{"line":24,"column":45},"end":{"line":24,"column":67}},"23":{"start":{"line":26,"column":6},"end":{"line":26,"column":null}},"24":{"start":{"line":28,"column":4},"end":{"line":28,"column":null}},"25":{"start":{"line":28,"column":17},"end":{"line":28,"column":29}},"26":{"start":{"line":30,"column":28},"end":{"line":32,"column":3}},"27":{"start":{"line":31,"column":4},"end":{"line":31,"column":null}},"28":{"start":{"line":33,"column":27},"end":{"line":35,"column":3}},"29":{"start":{"line":34,"column":4},"end":{"line":34,"column":null}},"30":{"start":{"line":36,"column":34},"end":{"line":45,"column":3}},"31":{"start":{"line":37,"column":4},"end":{"line":37,"column":null}},"32":{"start":{"line":38,"column":17},"end":{"line":38,"column":46}},"33":{"start":{"line":39,"column":20},"end":{"line":39,"column":47}},"34":{"start":{"line":40,"column":4},"end":{"line":43,"column":null}},"35":{"start":{"line":44,"column":4},"end":{"line":44,"column":null}},"36":{"start":{"line":46,"column":31},"end":{"line":48,"column":3}},"37":{"start":{"line":47,"column":4},"end":{"line":47,"column":null}},"38":{"start":{"line":49,"column":25},"end":{"line":49,"column":56}},"39":{"start":{"line":50,"column":33},"end":{"line":52,"column":3}},"40":{"start":{"line":51,"column":4},"end":{"line":51,"column":null}},"41":{"start":{"line":54,"column":2},"end":{"line":91,"column":null}},"42":{"start":{"line":76,"column":12},"end":{"line":84,"column":null}},"43":{"start":{"line":11,"column":0},"end":{"line":11,"column":24}}},"fnMap":{"0":{"name":"GameTable","decl":{"start":{"line":11,"column":24},"end":{"line":11,"column":33}},"loc":{"start":{"line":11,"column":33},"end":{"line":92,"column":1}}},"1":{"name":"(anonymous_1)","decl":{"start":{"line":17,"column":12},"end":{"line":17,"column":15}},"loc":{"start":{"line":17,"column":17},"end":{"line":29,"column":3}}},"2":{"name":"(anonymous_2)","decl":{"start":{"line":18,"column":39},"end":{"line":18,"column":42}},"loc":{"start":{"line":18,"column":44},"end":{"line":27,"column":5}}},"3":{"name":"(anonymous_3)","decl":{"start":{"line":24,"column":33},"end":{"line":24,"column":34}},"loc":{"start":{"line":24,"column":45},"end":{"line":24,"column":67}}},"4":{"name":"(anonymous_4)","decl":{"start":{"line":28,"column":11},"end":{"line":28,"column":14}},"loc":{"start":{"line":28,"column":17},"end":{"line":28,"column":29}}},"5":{"name":"(anonymous_5)","decl":{"start":{"line":30,"column":28},"end":{"line":30,"column":31}},"loc":{"start":{"line":30,"column":33},"end":{"line":32,"column":3}}},"6":{"name":"(anonymous_6)","decl":{"start":{"line":33,"column":27},"end":{"line":33,"column":30}},"loc":{"start":{"line":33,"column":32},"end":{"line":35,"column":3}}},"7":{"name":"(anonymous_7)","decl":{"start":{"line":36,"column":34},"end":{"line":36,"column":35}},"loc":{"start":{"line":36,"column":74},"end":{"line":45,"column":3}}},"8":{"name":"(anonymous_8)","decl":{"start":{"line":46,"column":31},"end":{"line":46,"column":34}},"loc":{"start":{"line":46,"column":36},"end":{"line":48,"column":3}}},"9":{"name":"(anonymous_9)","decl":{"start":{"line":50,"column":33},"end":{"line":50,"column":36}},"loc":{"start":{"line":50,"column":38},"end":{"line":52,"column":3}}},"10":{"name":"(anonymous_10)","decl":{"start":{"line":75,"column":23},"end":{"line":75,"column":24}},"loc":{"start":{"line":75,"column":34},"end":{"line":85,"column":11}}}},"branchMap":{"0":{"loc":{"start":{"line":57,"column":7},"end":{"line":67,"column":null}},"type":"binary-expr","locations":[{"start":{"line":57,"column":7},"end":{"line":57,"column":14}},{"start":{"line":58,"column":8},"end":{"line":66,"column":null}}]},"1":{"loc":{"start":{"line":59,"column":11},"end":{"line":62,"column":null}},"type":"cond-expr","locations":[{"start":{"line":60,"column":12},"end":{"line":60,"column":73}},{"start":{"line":62,"column":12},"end":{"line":62,"column":98}}]},"2":{"loc":{"start":{"line":64,"column":11},"end":{"line":64,"column":91}},"type":"binary-expr","locations":[{"start":{"line":64,"column":11},"end":{"line":64,"column":22}},{"start":{"line":64,"column":26},"end":{"line":64,"column":91}}]},"3":{"loc":{"start":{"line":65,"column":11},"end":{"line":65,"column":94}},"type":"binary-expr","locations":[{"start":{"line":65,"column":11},"end":{"line":65,"column":22}},{"start":{"line":65,"column":26},"end":{"line":65,"column":94}}]}},"s":{"0":0,"1":0,"2":0,"3":0,"4":0,"5":0,"6":0,"7":0,"8":0,"9":0,"10":0,"11":0,"12":0,"13":0,"14":0,"15":0,"16":0,"17":0,"18":0,"19":0,"20":0,"21":0,"22":0,"23":0,"24":0,"25":0,"26":0,"27":0,"28":0,"29":0,"30":0,"31":0,"32":0,"33":0,"34":0,"35":0,"36":0,"37":0,"38":0,"39":0,"40":0,"41":0,"42":0,"43":0},"f":{"0":0,"1":0,"2":0,"3":0,"4":0,"5":0,"6":0,"7":0,"8":0,"9":0,"10":0},"b":{"0":[0,0],"1":[0,0],"2":[0,0],"3":[0,0]}}
,"C:\\Users\\monte\\Documents\\Pragma\\poker-game\\src\\pages\\components\\InviteDialog.tsx": {"path":"C:\\Users\\monte\\Documents\\Pragma\\poker-game\\src\\pages\\components\\InviteDialog.tsx","statementMap":{"0":{"start":{"line":1,"column":0},"end":{"line":1,"column":43}},"1":{"start":{"line":2,"column":0},"end":{"line":2,"column":56}},"2":{"start":{"line":3,"column":0},"end":{"line":3,"column":53}},"3":{"start":{"line":4,"column":0},"end":{"line":4,"column":51}},"4":{"start":{"line":5,"column":0},"end":{"line":5,"column":65}},"5":{"start":{"line":6,"column":0},"end":{"line":6,"column":45}},"6":{"start":{"line":12,"column":40},"end":{"line":12,"column":63}},"7":{"start":{"line":13,"column":26},"end":{"line":13,"column":38}},"8":{"start":{"line":14,"column":27},"end":{"line":26,"column":3}},"9":{"start":{"line":15,"column":4},"end":{"line":15,"column":null}},"10":{"start":{"line":16,"column":17},"end":{"line":16,"column":46}},"11":{"start":{"line":17,"column":15},"end":{"line":17,"column":41}},"12":{"start":{"line":19,"column":4},"end":{"line":25,"column":5}},"13":{"start":{"line":20,"column":6},"end":{"line":20,"column":null}},"14":{"start":{"line":21,"column":6},"end":{"line":21,"column":null}},"15":{"start":{"line":23,"column":6},"end":{"line":23,"column":null}},"16":{"start":{"line":24,"column":6},"end":{"line":24,"column":null}},"17":{"start":{"line":27,"column":2},"end":{"line":32,"column":null}},"18":{"start":{"line":28,"column":23},"end":{"line":30,"column":6}},"19":{"start":{"line":29,"column":6},"end":{"line":29,"column":null}},"20":{"start":{"line":31,"column":4},"end":{"line":31,"column":null}},"21":{"start":{"line":31,"column":17},"end":{"line":31,"column":29}},"22":{"start":{"line":33,"column":2},"end":{"line":35,"column":null}},"23":{"start":{"line":34,"column":4},"end":{"line":34,"column":null}},"24":{"start":{"line":36,"column":2},"end":{"line":41,"column":null}},"25":{"start":{"line":11,"column":0},"end":{"line":11,"column":24}}},"fnMap":{"0":{"name":"InviteDialog","decl":{"start":{"line":11,"column":24},"end":{"line":11,"column":36}},"loc":{"start":{"line":11,"column":57},"end":{"line":42,"column":1}}},"1":{"name":"(anonymous_1)","decl":{"start":{"line":14,"column":27},"end":{"line":14,"column":28}},"loc":{"start":{"line":14,"column":67},"end":{"line":26,"column":3}}},"2":{"name":"(anonymous_2)","decl":{"start":{"line":27,"column":12},"end":{"line":27,"column":15}},"loc":{"start":{"line":27,"column":17},"end":{"line":32,"column":3}}},"3":{"name":"(anonymous_3)","decl":{"start":{"line":28,"column":39},"end":{"line":28,"column":42}},"loc":{"start":{"line":28,"column":44},"end":{"line":30,"column":5}}},"4":{"name":"(anonymous_4)","decl":{"start":{"line":31,"column":11},"end":{"line":31,"column":14}},"loc":{"start":{"line":31,"column":17},"end":{"line":31,"column":29}}},"5":{"name":"(anonymous_5)","decl":{"start":{"line":33,"column":12},"end":{"line":33,"column":15}},"loc":{"start":{"line":33,"column":17},"end":{"line":35,"column":3}}}},"branchMap":{},"s":{"0":0,"1":0,"2":0,"3":0,"4":0,"5":0,"6":0,"7":0,"8":0,"9":0,"10":0,"11":0,"12":0,"13":0,"14":0,"15":0,"16":0,"17":0,"18":0,"19":0,"20":0,"21":0,"22":0,"23":0,"24":0,"25":0},"f":{"0":0,"1":0,"2":0,"3":0,"4":0,"5":0},"b":{}}
,"C:\\Users\\monte\\Documents\\Pragma\\poker-game\\src\\pages\\components\\Players.tsx": {"path":"C:\\Users\\monte\\Documents\\Pragma\\poker-game\\src\\pages\\components\\Players.tsx","statementMap":{"0":{"start":{"line":1,"column":0},"end":{"line":1,"column":43}},"1":{"start":{"line":2,"column":0},"end":{"line":2,"column":45}},"2":{"start":{"line":3,"column":0},"end":{"line":3,"column":49}},"3":{"start":{"line":4,"column":0},"end":{"line":4,"column":61}},"4":{"start":{"line":7,"column":32},"end":{"line":7,"column":71}},"5":{"start":{"line":8,"column":2},"end":{"line":14,"column":null}},"6":{"start":{"line":9,"column":23},"end":{"line":12,"column":6}},"7":{"start":{"line":10,"column":20},"end":{"line":10,"column":36}},"8":{"start":{"line":11,"column":6},"end":{"line":11,"column":null}},"9":{"start":{"line":13,"column":4},"end":{"line":13,"column":null}},"10":{"start":{"line":13,"column":17},"end":{"line":13,"column":29}},"11":{"start":{"line":16,"column":2},"end":{"line":32,"column":null}},"12":{"start":{"line":16,"column":40},"end":{"line":30,"column":null}},"13":{"start":{"line":6,"column":0},"end":{"line":6,"column":24}}},"fnMap":{"0":{"name":"Players","decl":{"start":{"line":6,"column":24},"end":{"line":6,"column":31}},"loc":{"start":{"line":6,"column":31},"end":{"line":33,"column":1}}},"1":{"name":"(anonymous_1)","decl":{"start":{"line":8,"column":12},"end":{"line":8,"column":15}},"loc":{"start":{"line":8,"column":17},"end":{"line":14,"column":3}}},"2":{"name":"(anonymous_2)","decl":{"start":{"line":9,"column":39},"end":{"line":9,"column":42}},"loc":{"start":{"line":9,"column":44},"end":{"line":12,"column":5}}},"3":{"name":"(anonymous_3)","decl":{"start":{"line":13,"column":11},"end":{"line":13,"column":14}},"loc":{"start":{"line":13,"column":17},"end":{"line":13,"column":29}}},"4":{"name":"(anonymous_4)","decl":{"start":{"line":16,"column":21},"end":{"line":16,"column":22}},"loc":{"start":{"line":16,"column":40},"end":{"line":30,"column":null}}}},"branchMap":{"0":{"loc":{"start":{"line":16,"column":40},"end":{"line":30,"column":null}},"type":"cond-expr","locations":[{"start":{"line":17,"column":8},"end":{"line":18,"column":null}},{"start":{"line":24,"column":8},"end":{"line":28,"column":null}}]}},"s":{"0":0,"1":0,"2":0,"3":0,"4":0,"5":0,"6":0,"7":0,"8":0,"9":0,"10":0,"11":0,"12":0,"13":0},"f":{"0":0,"1":0,"2":0,"3":0,"4":0},"b":{"0":[0,0]}}
,"C:\\Users\\monte\\Documents\\Pragma\\poker-game\\src\\pages\\components\\ResponsiveButtonsDialog.tsx": {"path":"C:\\Users\\monte\\Documents\\Pragma\\poker-game\\src\\pages\\components\\ResponsiveButtonsDialog.tsx","statementMap":{"0":{"start":{"line":2,"column":0},"end":{"line":2,"column":44}},"1":{"start":{"line":3,"column":0},"end":{"line":3,"column":38}},"2":{"start":{"line":4,"column":0},"end":{"line":4,"column":83}},"3":{"start":{"line":5,"column":0},"end":{"line":5,"column":64}},"4":{"start":{"line":6,"column":0},"end":{"line":6,"column":58}},"5":{"start":{"line":7,"column":0},"end":{"line":7,"column":43}},"6":{"start":{"line":8,"column":0},"end":{"line":8,"column":53}},"7":{"start":{"line":9,"column":0},"end":{"line":9,"column":65}},"8":{"start":{"line":16,"column":25},"end":{"line":19,"column":5}},"9":{"start":{"line":17,"column":8},"end":{"line":17,"column":null}},"10":{"start":{"line":18,"column":8},"end":{"line":18,"column":null}},"11":{"start":{"line":22,"column":23},"end":{"line":22,"column":36}},"12":{"start":{"line":23,"column":46},"end":{"line":23,"column":61}},"13":{"start":{"line":25,"column":40},"end":{"line":25,"column":78}},"14":{"start":{"line":27,"column":4},"end":{"line":33,"column":null}},"15":{"start":{"line":28,"column":25},"end":{"line":31,"column":8}},"16":{"start":{"line":29,"column":22},"end":{"line":29,"column":38}},"17":{"start":{"line":30,"column":8},"end":{"line":30,"column":null}},"18":{"start":{"line":32,"column":6},"end":{"line":32,"column":null}},"19":{"start":{"line":32,"column":19},"end":{"line":32,"column":31}},"20":{"start":{"line":35,"column":30},"end":{"line":35,"column":66}},"21":{"start":{"line":35,"column":36},"end":{"line":35,"column":66}},"22":{"start":{"line":36,"column":34},"end":{"line":52,"column":5}},"23":{"start":{"line":37,"column":22},"end":{"line":37,"column":91}},"24":{"start":{"line":38,"column":6},"end":{"line":51,"column":null}},"25":{"start":{"line":42,"column":10},"end":{"line":42,"column":null}},"26":{"start":{"line":43,"column":10},"end":{"line":49,"column":11}},"27":{"start":{"line":44,"column":12},"end":{"line":44,"column":null}},"28":{"start":{"line":45,"column":12},"end":{"line":45,"column":null}},"29":{"start":{"line":47,"column":12},"end":{"line":47,"column":null}},"30":{"start":{"line":48,"column":12},"end":{"line":48,"column":null}},"31":{"start":{"line":54,"column":4},"end":{"line":67,"column":null}},"32":{"start":{"line":15,"column":0},"end":{"line":15,"column":24}}},"fnMap":{"0":{"name":"ResponsiveButtonsDialog","decl":{"start":{"line":15,"column":24},"end":{"line":15,"column":47}},"loc":{"start":{"line":15,"column":72},"end":{"line":68,"column":1}}},"1":{"name":"(anonymous_1)","decl":{"start":{"line":16,"column":25},"end":{"line":16,"column":26}},"loc":{"start":{"line":16,"column":65},"end":{"line":19,"column":5}}},"2":{"name":"(anonymous_2)","decl":{"start":{"line":27,"column":14},"end":{"line":27,"column":17}},"loc":{"start":{"line":27,"column":19},"end":{"line":33,"column":5}}},"3":{"name":"(anonymous_3)","decl":{"start":{"line":28,"column":41},"end":{"line":28,"column":44}},"loc":{"start":{"line":28,"column":46},"end":{"line":31,"column":7}}},"4":{"name":"(anonymous_4)","decl":{"start":{"line":32,"column":13},"end":{"line":32,"column":16}},"loc":{"start":{"line":32,"column":19},"end":{"line":32,"column":31}}},"5":{"name":"(anonymous_5)","decl":{"start":{"line":35,"column":30},"end":{"line":35,"column":33}},"loc":{"start":{"line":35,"column":36},"end":{"line":35,"column":66}}},"6":{"name":"(anonymous_6)","decl":{"start":{"line":36,"column":34},"end":{"line":36,"column":37}},"loc":{"start":{"line":36,"column":39},"end":{"line":52,"column":5}}},"7":{"name":"(anonymous_7)","decl":{"start":{"line":41,"column":8},"end":{"line":41,"column":9}},"loc":{"start":{"line":41,"column":68},"end":{"line":50,"column":9}}}},"branchMap":{"0":{"loc":{"start":{"line":37,"column":22},"end":{"line":37,"column":91}},"type":"cond-expr","locations":[{"start":{"line":37,"column":55},"end":{"line":37,"column":73}},{"start":{"line":37,"column":76},"end":{"line":37,"column":91}}]},"1":{"loc":{"start":{"line":43,"column":10},"end":{"line":49,"column":11}},"type":"if","locations":[{"start":{"line":43,"column":10},"end":{"line":49,"column":11}},{"start":{"line":46,"column":17},"end":{"line":49,"column":11}}]},"2":{"loc":{"start":{"line":64,"column":38},"end":{"line":64,"column":95}},"type":"cond-expr","locations":[{"start":{"line":64,"column":71},"end":{"line":64,"column":83}},{"start":{"line":64,"column":86},"end":{"line":64,"column":95}}]}},"s":{"0":0,"1":0,"2":0,"3":0,"4":0,"5":0,"6":0,"7":0,"8":0,"9":0,"10":0,"11":0,"12":0,"13":0,"14":0,"15":0,"16":0,"17":0,"18":0,"19":0,"20":0,"21":0,"22":0,"23":0,"24":0,"25":0,"26":0,"27":0,"28":0,"29":0,"30":0,"31":0,"32":0},"f":{"0":0,"1":0,"2":0,"3":0,"4":0,"5":0,"6":0,"7":0},"b":{"0":[0,0],"1":[0,0],"2":[0,0]}}
,"C:\\Users\\monte\\Documents\\Pragma\\poker-game\\src\\system-design\\atoms\\Button.tsx": {"path":"C:\\Users\\monte\\Documents\\Pragma\\poker-game\\src\\system-design\\atoms\\Button.tsx","statementMap":{"0":{"start":{"line":1,"column":0},"end":{"line":1,"column":44}},"1":{"start":{"line":16,"column":2},"end":{"line":25,"column":null}},"2":{"start":{"line":9,"column":0},"end":{"line":9,"column":24}}},"fnMap":{"0":{"name":"Button","decl":{"start":{"line":9,"column":24},"end":{"line":9,"column":30}},"loc":{"start":{"line":15,"column":8},"end":{"line":26,"column":1}}}},"branchMap":{"0":{"loc":{"start":{"line":19,"column":12},"end":{"line":19,"column":40}},"type":"cond-expr","locations":[{"start":{"line":19,"column":21},"end":{"line":19,"column":29}},{"start":{"line":19,"column":32},"end":{"line":19,"column":40}}]},"1":{"loc":{"start":{"line":21,"column":16},"end":{"line":21,"column":33}},"type":"binary-expr","locations":[{"start":{"line":21,"column":16},"end":{"line":21,"column":24}},{"start":{"line":21,"column":28},"end":{"line":21,"column":33}}]}},"s":{"0":1,"1":1,"2":1},"f":{"0":1},"b":{"0":[0,1],"1":[1,1]}}
,"C:\\Users\\monte\\Documents\\Pragma\\poker-game\\src\\system-design\\atoms\\Card.tsx": {"path":"C:\\Users\\monte\\Documents\\Pragma\\poker-game\\src\\system-design\\atoms\\Card.tsx","statementMap":{"0":{"start":{"line":17,"column":2},"end":{"line":29,"column":null}},"1":{"start":{"line":9,"column":0},"end":{"line":9,"column":24}}},"fnMap":{"0":{"name":"Card","decl":{"start":{"line":9,"column":24},"end":{"line":9,"column":28}},"loc":{"start":{"line":16,"column":8},"end":{"line":30,"column":1}}}},"branchMap":{"0":{"loc":{"start":{"line":21,"column":9},"end":{"line":21,"column":36}},"type":"cond-expr","locations":[{"start":{"line":21,"column":19},"end":{"line":21,"column":31}},{"start":{"line":21,"column":34},"end":{"line":21,"column":36}}]},"1":{"loc":{"start":{"line":22,"column":8},"end":{"line":22,"column":null}},"type":"cond-expr","locations":[{"start":{"line":22,"column":34},"end":{"line":22,"column":41}},{"start":{"line":22,"column":44},"end":{"line":22,"column":null}}]},"2":{"loc":{"start":{"line":22,"column":8},"end":{"line":22,"column":31}},"type":"binary-expr","locations":[{"start":{"line":22,"column":8},"end":{"line":22,"column":12}},{"start":{"line":22,"column":16},"end":{"line":22,"column":31}}]},"3":{"loc":{"start":{"line":27,"column":6},"end":{"line":27,"column":85}},"type":"cond-expr","locations":[{"start":{"line":27,"column":19},"end":{"line":27,"column":79}},{"start":{"line":27,"column":81},"end":{"line":27,"column":85}}]}},"s":{"0":1,"1":1},"f":{"0":1},"b":{"0":[0,1],"1":[0,1],"2":[1,0],"3":[0,1]}}
,"C:\\Users\\monte\\Documents\\Pragma\\poker-game\\src\\system-design\\atoms\\Input.tsx": {"path":"C:\\Users\\monte\\Documents\\Pragma\\poker-game\\src\\system-design\\atoms\\Input.tsx","statementMap":{"0":{"start":{"line":1,"column":0},"end":{"line":1,"column":43}},"1":{"start":{"line":23,"column":2},"end":{"line":38,"column":null}},"2":{"start":{"line":13,"column":0},"end":{"line":13,"column":24}}},"fnMap":{"0":{"name":"Input","decl":{"start":{"line":13,"column":24},"end":{"line":13,"column":29}},"loc":{"start":{"line":22,"column":8},"end":{"line":39,"column":1}}}},"branchMap":{"0":{"loc":{"start":{"line":33,"column":18},"end":{"line":33,"column":35}},"type":"binary-expr","locations":[{"start":{"line":33,"column":18},"end":{"line":33,"column":26}},{"start":{"line":33,"column":30},"end":{"line":33,"column":35}}]},"1":{"loc":{"start":{"line":34,"column":22},"end":{"line":34,"column":40}},"type":"binary-expr","locations":[{"start":{"line":34,"column":22},"end":{"line":34,"column":34}},{"start":{"line":34,"column":38},"end":{"line":34,"column":40}}]}},"s":{"0":1,"1":1,"2":1},"f":{"0":1},"b":{"0":[1,0],"1":[1,1]}}
,"C:\\Users\\monte\\Documents\\Pragma\\poker-game\\src\\system-design\\atoms\\Logo.tsx": {"path":"C:\\Users\\monte\\Documents\\Pragma\\poker-game\\src\\system-design\\atoms\\Logo.tsx","statementMap":{"0":{"start":{"line":6,"column":2},"end":{"line":37,"column":null}},"1":{"start":{"line":5,"column":0},"end":{"line":5,"column":24}}},"fnMap":{"0":{"name":"Logo","decl":{"start":{"line":5,"column":24},"end":{"line":5,"column":28}},"loc":{"start":{"line":5,"column":53},"end":{"line":38,"column":1}}}},"branchMap":{},"s":{"0":0,"1":0},"f":{"0":0},"b":{}}
,"C:\\Users\\monte\\Documents\\Pragma\\poker-game\\src\\system-design\\atoms\\RadioButton.tsx": {"path":"C:\\Users\\monte\\Documents\\Pragma\\poker-game\\src\\system-design\\atoms\\RadioButton.tsx","statementMap":{"0":{"start":{"line":1,"column":0},"end":{"line":1,"column":50}},"1":{"start":{"line":14,"column":2},"end":{"line":25,"column":null}},"2":{"start":{"line":8,"column":0},"end":{"line":8,"column":24}}},"fnMap":{"0":{"name":"RadioButton","decl":{"start":{"line":8,"column":24},"end":{"line":8,"column":35}},"loc":{"start":{"line":13,"column":8},"end":{"line":26,"column":1}}}},"branchMap":{"0":{"loc":{"start":{"line":21,"column":24},"end":{"line":21,"column":47}},"type":"binary-expr","locations":[{"start":{"line":21,"column":24},"end":{"line":21,"column":38}},{"start":{"line":21,"column":42},"end":{"line":21,"column":47}}]}},"s":{"0":0,"1":0,"2":0},"f":{"0":0},"b":{"0":[0,0]}}
,"C:\\Users\\monte\\Documents\\Pragma\\poker-game\\src\\system-design\\atoms\\Table.tsx": {"path":"C:\\Users\\monte\\Documents\\Pragma\\poker-game\\src\\system-design\\atoms\\Table.tsx","statementMap":{"0":{"start":{"line":1,"column":0},"end":{"line":1,"column":43}},"1":{"start":{"line":6,"column":2},"end":{"line":6,"column":null}},"2":{"start":{"line":5,"column":0},"end":{"line":5,"column":24}}},"fnMap":{"0":{"name":"Table","decl":{"start":{"line":5,"column":24},"end":{"line":5,"column":29}},"loc":{"start":{"line":5,"column":49},"end":{"line":7,"column":1}}}},"branchMap":{},"s":{"0":0,"1":0,"2":0},"f":{"0":0},"b":{}}
,"C:\\Users\\monte\\Documents\\Pragma\\poker-game\\src\\system-design\\atoms\\UserAvatar.tsx": {"path":"C:\\Users\\monte\\Documents\\Pragma\\poker-game\\src\\system-design\\atoms\\UserAvatar.tsx","statementMap":{"0":{"start":{"line":1,"column":0},"end":{"line":1,"column":63}},"1":{"start":{"line":2,"column":0},"end":{"line":2,"column":44}},"2":{"start":{"line":10,"column":2},"end":{"line":18,"column":null}},"3":{"start":{"line":9,"column":0},"end":{"line":9,"column":24}}},"fnMap":{"0":{"name":"UserAvatar","decl":{"start":{"line":9,"column":24},"end":{"line":9,"column":34}},"loc":{"start":{"line":9,"column":78},"end":{"line":19,"column":1}}}},"branchMap":{"0":{"loc":{"start":{"line":13,"column":45},"end":{"line":13,"column":72}},"type":"cond-expr","locations":[{"start":{"line":13,"column":55},"end":{"line":13,"column":67}},{"start":{"line":13,"column":70},"end":{"line":13,"column":72}}]},"1":{"loc":{"start":{"line":16,"column":7},"end":{"line":16,"column":66}},"type":"binary-expr","locations":[{"start":{"line":16,"column":7},"end":{"line":16,"column":14}},{"start":{"line":16,"column":18},"end":{"line":16,"column":66}}]}},"s":{"0":0,"1":0,"2":0,"3":0},"f":{"0":0},"b":{"0":[0,0],"1":[0,0]}}
,"C:\\Users\\monte\\Documents\\Pragma\\poker-game\\src\\system-design\\atoms\\WarningIcon.tsx": {"path":"C:\\Users\\monte\\Documents\\Pragma\\poker-game\\src\\system-design\\atoms\\WarningIcon.tsx","statementMap":{"0":{"start":{"line":7,"column":2},"end":{"line":29,"column":null}},"1":{"start":{"line":6,"column":0},"end":{"line":6,"column":24}}},"fnMap":{"0":{"name":"WarningIcon","decl":{"start":{"line":6,"column":24},"end":{"line":6,"column":35}},"loc":{"start":{"line":6,"column":67},"end":{"line":30,"column":1}}}},"branchMap":{},"s":{"0":0,"1":0},"f":{"0":0},"b":{}}
,"C:\\Users\\monte\\Documents\\Pragma\\poker-game\\src\\system-design\\molecules\\HeadLogo.tsx": {"path":"C:\\Users\\monte\\Documents\\Pragma\\poker-game\\src\\system-design\\molecules\\HeadLogo.tsx","statementMap":{"0":{"start":{"line":1,"column":0},"end":{"line":1,"column":32}},"1":{"start":{"line":2,"column":0},"end":{"line":2,"column":47}},"2":{"start":{"line":3,"column":0},"end":{"line":3,"column":42}},"3":{"start":{"line":9,"column":2},"end":{"line":14,"column":null}},"4":{"start":{"line":8,"column":0},"end":{"line":8,"column":24}}},"fnMap":{"0":{"name":"HeadLogo","decl":{"start":{"line":8,"column":24},"end":{"line":8,"column":32}},"loc":{"start":{"line":8,"column":62},"end":{"line":15,"column":1}}}},"branchMap":{"0":{"loc":{"start":{"line":12,"column":7},"end":{"line":12,"column":59}},"type":"binary-expr","locations":[{"start":{"line":12,"column":7},"end":{"line":12,"column":14}},{"start":{"line":12,"column":18},"end":{"line":12,"column":59}}]}},"s":{"0":0,"1":0,"2":0,"3":0,"4":0},"f":{"0":0},"b":{"0":[0,0]}}
,"C:\\Users\\monte\\Documents\\Pragma\\poker-game\\src\\system-design\\organisms\\Footer.tsx": {"path":"C:\\Users\\monte\\Documents\\Pragma\\poker-game\\src\\system-design\\organisms\\Footer.tsx","statementMap":{"0":{"start":{"line":2,"column":0},"end":{"line":2,"column":45}},"1":{"start":{"line":3,"column":0},"end":{"line":3,"column":32}},"2":{"start":{"line":4,"column":0},"end":{"line":4,"column":43}},"3":{"start":{"line":11,"column":38},"end":{"line":11,"column":76}},"4":{"start":{"line":12,"column":28},"end":{"line":12,"column":77}},"5":{"start":{"line":13,"column":2},"end":{"line":20,"column":null}},"6":{"start":{"line":14,"column":23},"end":{"line":18,"column":6}},"7":{"start":{"line":15,"column":20},"end":{"line":15,"column":36}},"8":{"start":{"line":16,"column":6},"end":{"line":16,"column":null}},"9":{"start":{"line":17,"column":6},"end":{"line":17,"column":null}},"10":{"start":{"line":19,"column":4},"end":{"line":19,"column":null}},"11":{"start":{"line":19,"column":17},"end":{"line":19,"column":29}},"12":{"start":{"line":21,"column":2},"end":{"line":29,"column":null}},"13":{"start":{"line":22,"column":4},"end":{"line":28,"column":5}},"14":{"start":{"line":23,"column":6},"end":{"line":25,"column":null}},"15":{"start":{"line":24,"column":53},"end":{"line":24,"column":95}},"16":{"start":{"line":27,"column":6},"end":{"line":27,"column":null}},"17":{"start":{"line":30,"column":2},"end":{"line":42,"column":null}},"18":{"start":{"line":33,"column":8},"end":{"line":37,"column":null}},"19":{"start":{"line":35,"column":25},"end":{"line":35,"column":43}},"20":{"start":{"line":10,"column":0},"end":{"line":10,"column":24}}},"fnMap":{"0":{"name":"Footer","decl":{"start":{"line":10,"column":24},"end":{"line":10,"column":30}},"loc":{"start":{"line":10,"column":56},"end":{"line":43,"column":1}}},"1":{"name":"(anonymous_1)","decl":{"start":{"line":13,"column":12},"end":{"line":13,"column":15}},"loc":{"start":{"line":13,"column":17},"end":{"line":20,"column":3}}},"2":{"name":"(anonymous_2)","decl":{"start":{"line":14,"column":39},"end":{"line":14,"column":42}},"loc":{"start":{"line":14,"column":44},"end":{"line":18,"column":5}}},"3":{"name":"(anonymous_3)","decl":{"start":{"line":19,"column":11},"end":{"line":19,"column":14}},"loc":{"start":{"line":19,"column":17},"end":{"line":19,"column":29}}},"4":{"name":"(anonymous_4)","decl":{"start":{"line":21,"column":12},"end":{"line":21,"column":15}},"loc":{"start":{"line":21,"column":17},"end":{"line":29,"column":3}}},"5":{"name":"(anonymous_5)","decl":{"start":{"line":24,"column":43},"end":{"line":24,"column":44}},"loc":{"start":{"line":24,"column":53},"end":{"line":24,"column":95}}},"6":{"name":"(anonymous_6)","decl":{"start":{"line":32,"column":17},"end":{"line":32,"column":18}},"loc":{"start":{"line":33,"column":8},"end":{"line":37,"column":null}}},"7":{"name":"(anonymous_7)","decl":{"start":{"line":35,"column":19},"end":{"line":35,"column":22}},"loc":{"start":{"line":35,"column":25},"end":{"line":35,"column":43}}}},"branchMap":{"0":{"loc":{"start":{"line":22,"column":4},"end":{"line":28,"column":5}},"type":"if","locations":[{"start":{"line":22,"column":4},"end":{"line":28,"column":5}},{"start":{"line":26,"column":11},"end":{"line":28,"column":5}}]},"1":{"loc":{"start":{"line":24,"column":53},"end":{"line":24,"column":95}},"type":"binary-expr","locations":[{"start":{"line":24,"column":53},"end":{"line":24,"column":77}},{"start":{"line":24,"column":81},"end":{"line":24,"column":95}}]},"2":{"loc":{"start":{"line":34,"column":16},"end":{"line":34,"column":71}},"type":"cond-expr","locations":[{"start":{"line":34,"column":59},"end":{"line":34,"column":62}},{"start":{"line":34,"column":65},"end":{"line":34,"column":71}}]},"3":{"loc":{"start":{"line":34,"column":16},"end":{"line":34,"column":56}},"type":"binary-expr","locations":[{"start":{"line":34,"column":16},"end":{"line":34,"column":25}},{"start":{"line":34,"column":29},"end":{"line":34,"column":56}}]},"4":{"loc":{"start":{"line":38,"column":21},"end":{"line":38,"column":44}},"type":"binary-expr","locations":[{"start":{"line":38,"column":21},"end":{"line":38,"column":31}},{"start":{"line":38,"column":35},"end":{"line":38,"column":44}}]}},"s":{"0":0,"1":0,"2":0,"3":0,"4":0,"5":0,"6":0,"7":0,"8":0,"9":0,"10":0,"11":0,"12":0,"13":0,"14":0,"15":0,"16":0,"17":0,"18":0,"19":0,"20":0},"f":{"0":0,"1":0,"2":0,"3":0,"4":0,"5":0,"6":0,"7":0},"b":{"0":[0,0],"1":[0,0],"2":[0,0],"3":[0,0],"4":[0,0]}}
,"C:\\Users\\monte\\Documents\\Pragma\\poker-game\\src\\system-design\\organisms\\RoomInitialDialog.tsx": {"path":"C:\\Users\\monte\\Documents\\Pragma\\poker-game\\src\\system-design\\organisms\\RoomInitialDialog.tsx","statementMap":{"0":{"start":{"line":1,"column":0},"end":{"line":1,"column":41}},"1":{"start":{"line":2,"column":0},"end":{"line":2,"column":79}},"2":{"start":{"line":3,"column":0},"end":{"line":3,"column":48}},"3":{"start":{"line":4,"column":0},"end":{"line":4,"column":56}},"4":{"start":{"line":5,"column":0},"end":{"line":5,"column":38}},"5":{"start":{"line":6,"column":0},"end":{"line":6,"column":45}},"6":{"start":{"line":7,"column":0},"end":{"line":7,"column":64}},"7":{"start":{"line":9,"column":20},"end":{"line":9,"column":51}},"8":{"start":{"line":10,"column":27},"end":{"line":10,"column":42}},"9":{"start":{"line":11,"column":2},"end":{"line":13,"column":null}},"10":{"start":{"line":12,"column":4},"end":{"line":12,"column":null}},"11":{"start":{"line":15,"column":23},"end":{"line":31,"column":3}},"12":{"start":{"line":16,"column":4},"end":{"line":16,"column":null}},"13":{"start":{"line":17,"column":21},"end":{"line":17,"column":50}},"14":{"start":{"line":18,"column":21},"end":{"line":18,"column":74}},"15":{"start":{"line":19,"column":21},"end":{"line":19,"column":57}},"16":{"start":{"line":20,"column":4},"end":{"line":26,"column":null}},"17":{"start":{"line":24,"column":8},"end":{"line":24,"column":null}},"18":{"start":{"line":28,"column":4},"end":{"line":28,"column":null}},"19":{"start":{"line":32,"column":2},"end":{"line":36,"column":null}},"20":{"start":{"line":8,"column":0},"end":{"line":8,"column":24}}},"fnMap":{"0":{"name":"RoomInitialDialog","decl":{"start":{"line":8,"column":24},"end":{"line":8,"column":41}},"loc":{"start":{"line":8,"column":41},"end":{"line":37,"column":1}}},"1":{"name":"(anonymous_1)","decl":{"start":{"line":11,"column":12},"end":{"line":11,"column":15}},"loc":{"start":{"line":11,"column":17},"end":{"line":13,"column":3}}},"2":{"name":"(anonymous_2)","decl":{"start":{"line":15,"column":23},"end":{"line":15,"column":24}},"loc":{"start":{"line":15,"column":63},"end":{"line":31,"column":3}}},"3":{"name":"(anonymous_3)","decl":{"start":{"line":23,"column":6},"end":{"line":23,"column":7}},"loc":{"start":{"line":23,"column":25},"end":{"line":25,"column":7}}}},"branchMap":{},"s":{"0":0,"1":0,"2":0,"3":0,"4":0,"5":0,"6":0,"7":0,"8":0,"9":0,"10":0,"11":0,"12":0,"13":0,"14":0,"15":0,"16":0,"17":0,"18":0,"19":0,"20":0},"f":{"0":0,"1":0,"2":0,"3":0},"b":{}}
,"C:\\Users\\monte\\Documents\\Pragma\\poker-game\\src\\system-design\\templates\\FormDialog.tsx": {"path":"C:\\Users\\monte\\Documents\\Pragma\\poker-game\\src\\system-design\\templates\\FormDialog.tsx","statementMap":{"0":{"start":{"line":13,"column":22},"end":{"line":15,"column":3}},"1":{"start":{"line":14,"column":4},"end":{"line":14,"column":null}},"2":{"start":{"line":16,"column":2},"end":{"line":23,"column":null}},"3":{"start":{"line":7,"column":0},"end":{"line":7,"column":24}}},"fnMap":{"0":{"name":"PlayerNameDialog","decl":{"start":{"line":7,"column":24},"end":{"line":7,"column":40}},"loc":{"start":{"line":12,"column":8},"end":{"line":24,"column":1}}},"1":{"name":"(anonymous_1)","decl":{"start":{"line":13,"column":22},"end":{"line":13,"column":25}},"loc":{"start":{"line":13,"column":27},"end":{"line":15,"column":3}}}},"branchMap":{"0":{"loc":{"start":{"line":19,"column":9},"end":{"line":19,"column":93}},"type":"binary-expr","locations":[{"start":{"line":19,"column":9},"end":{"line":19,"column":17}},{"start":{"line":19,"column":21},"end":{"line":19,"column":93}}]}},"s":{"0":0,"1":0,"2":0,"3":0},"f":{"0":0,"1":0},"b":{"0":[0,0]}}
,"C:\\Users\\monte\\Documents\\Pragma\\poker-game\\src\\system-design\\templates\\PlayerNameForm.tsx": {"path":"C:\\Users\\monte\\Documents\\Pragma\\poker-game\\src\\system-design\\templates\\PlayerNameForm.tsx","statementMap":{"0":{"start":{"line":1,"column":0},"end":{"line":1,"column":32}},"1":{"start":{"line":2,"column":0},"end":{"line":2,"column":61}},"2":{"start":{"line":3,"column":0},"end":{"line":3,"column":56}},"3":{"start":{"line":4,"column":0},"end":{"line":4,"column":36}},"4":{"start":{"line":5,"column":0},"end":{"line":5,"column":34}},"5":{"start":{"line":6,"column":0},"end":{"line":6,"column":46}},"6":{"start":{"line":7,"column":0},"end":{"line":7,"column":46}},"7":{"start":{"line":10,"column":23},"end":{"line":19,"column":3}},"8":{"start":{"line":11,"column":18},"end":{"line":11,"column":39}},"9":{"start":{"line":12,"column":4},"end":{"line":18,"column":5}},"10":{"start":{"line":13,"column":6},"end":{"line":13,"column":null}},"11":{"start":{"line":14,"column":6},"end":{"line":14,"column":null}},"12":{"start":{"line":16,"column":6},"end":{"line":16,"column":null}},"13":{"start":{"line":17,"column":6},"end":{"line":17,"column":null}},"14":{"start":{"line":20,"column":32},"end":{"line":20,"column":62}},"15":{"start":{"line":21,"column":42},"end":{"line":21,"column":54}},"16":{"start":{"line":22,"column":2},"end":{"line":49,"column":null}},"17":{"start":{"line":9,"column":0},"end":{"line":9,"column":24}}},"fnMap":{"0":{"name":"PlayerNameForm","decl":{"start":{"line":9,"column":24},"end":{"line":9,"column":38}},"loc":{"start":{"line":9,"column":38},"end":{"line":50,"column":1}}},"1":{"name":"(anonymous_1)","decl":{"start":{"line":10,"column":23},"end":{"line":10,"column":24}},"loc":{"start":{"line":10,"column":66},"end":{"line":19,"column":3}}}},"branchMap":{"0":{"loc":{"start":{"line":30,"column":9},"end":{"line":31,"column":null}},"type":"binary-expr","locations":[{"start":{"line":30,"column":9},"end":{"line":30,"column":17}},{"start":{"line":30,"column":21},"end":{"line":30,"column":36}},{"start":{"line":31,"column":10},"end":{"line":31,"column":69}}]},"1":{"loc":{"start":{"line":47,"column":24},"end":{"line":47,"column":41}},"type":"binary-expr","locations":[{"start":{"line":47,"column":24},"end":{"line":47,"column":32}},{"start":{"line":47,"column":36},"end":{"line":47,"column":41}}]}},"s":{"0":0,"1":0,"2":0,"3":0,"4":0,"5":0,"6":0,"7":0,"8":0,"9":0,"10":0,"11":0,"12":0,"13":0,"14":0,"15":0,"16":0,"17":0},"f":{"0":0,"1":0},"b":{"0":[0,0,0],"1":[0,0]}}
}
