TN:
SF:src\lib\constants\constants.ts
FNF:0
FNH:0
DA:2,1
DA:4,1
DA:6,1
DA:8,1
LF:4
LH:4
BRF:0
BRH:0
end_of_record
TN:
SF:src\lib\constants\utils.ts
FN:13,(anonymous_0)
FN:28,(anonymous_1)
FN:35,generateLink
FN:40,generateCards
FNF:4
FNH:4
FNDA:6,(anonymous_0)
FNDA:5,(anonymous_1)
FNDA:2,generateLink
FNDA:4,generateCards
DA:4,2
DA:6,2
DA:8,2
DA:10,2
DA:13,2
DA:14,6
DA:15,1
DA:17,5
DA:18,1
DA:20,4
DA:21,1
DA:23,3
DA:24,2
DA:28,2
DA:29,5
DA:30,3
DA:31,3
DA:32,1
DA:35,2
DA:36,2
DA:37,2
DA:40,2
DA:41,4
DA:42,4
DA:43,1
DA:44,1
DA:45,1
DA:46,1
DA:47,7
DA:52,3
DA:53,2
DA:54,20
DA:56,1
DA:57,1
DA:58,10
DA:61,4
DA:62,4
DA:63,4
LF:38
LH:38
BRDA:14,0,0,1
BRDA:17,1,0,1
BRDA:20,2,0,1
BRDA:23,3,0,2
BRDA:29,4,0,2
BRDA:31,5,0,2
BRDA:31,5,1,1
BRDA:42,6,0,1
BRDA:42,6,1,3
BRDA:52,7,0,2
BRDA:52,7,1,1
BRDA:56,8,0,1
BRF:12
BRH:12
end_of_record
TN:
SF:src\lib\hooks\player\slices\playerSlice.ts
FN:14,(anonymous_0)
FN:17,(anonymous_1)
FN:21,(anonymous_2)
FNF:3
FNH:3
FNDA:1,(anonymous_0)
FNDA:2,(anonymous_1)
FNDA:1,(anonymous_2)
DA:1,1
DA:5,1
DA:12,1
DA:15,1
DA:18,2
DA:19,2
DA:22,1
DA:29,1
DA:31,1
DA:32,1
DA:33,1
LF:11
LH:11
BRDA:19,0,0,1
BRDA:19,0,1,1
BRF:2
BRH:2
end_of_record
TN:
SF:src\lib\hooks\room\slices\roomSlice.ts
FN:17,(anonymous_0)
FN:20,(anonymous_1)
FN:26,(anonymous_2)
FN:30,(anonymous_3)
FN:38,(anonymous_4)
FN:44,(anonymous_5)
FN:48,(anonymous_6)
FN:53,(anonymous_7)
FN:59,(anonymous_8)
FN:63,(anonymous_9)
FN:66,(anonymous_10)
FN:71,(anonymous_11)
FN:75,(anonymous_12)
FN:102,oo_cm
FNF:14
FNH:14
FNDA:1,(anonymous_0)
FNDA:1,(anonymous_1)
FNDA:1,(anonymous_2)
FNDA:1,(anonymous_3)
FNDA:1,(anonymous_4)
FNDA:1,(anonymous_5)
FNDA:1,(anonymous_6)
FNDA:1,(anonymous_7)
FNDA:1,(anonymous_8)
FNDA:1,(anonymous_9)
FNDA:1,(anonymous_10)
FNDA:1,(anonymous_11)
FNDA:1,(anonymous_12)
FNDA:1,oo_cm
DA:1,1
DA:4,1
DA:5,1
DA:14,1
DA:18,1
DA:21,1
DA:27,1
DA:28,1
DA:31,1
DA:32,1
DA:34,0
DA:39,1
DA:45,1
DA:49,1
DA:54,1
DA:60,1
DA:64,1
DA:67,1
DA:72,1
DA:73,1
DA:76,1
DA:77,1
DA:79,0
DA:87,1
DA:88,1
DA:89,1
DA:90,1
DA:91,1
DA:92,1
DA:93,1
DA:94,1
DA:95,1
DA:102,1
LF:33
LH:31
BRDA:31,0,0,1
BRDA:76,1,0,1
BRDA:102,2,0,1
BRDA:102,2,1,1
BRF:4
BRH:4
end_of_record
