TN:
SF:src\App.tsx
FN:6,App
FNF:1
FNH:1
FNDA:1,App
DA:1,1
DA:2,1
DA:3,1
DA:4,1
DA:6,1
DA:7,1
LF:6
LH:6
BRF:0
BRH:0
end_of_record
TN:
SF:src\main.tsx
FNF:0
FNH:0
DA:1,0
DA:2,0
DA:3,0
DA:4,0
DA:5,0
DA:6,0
DA:7,0
LF:7
LH:0
BRF:0
BRH:0
end_of_record
TN:
SF:src\vite-env.d.ts
FNF:0
FNH:0
LF:0
LH:0
BRF:0
BRH:0
end_of_record
TN:
SF:src\lib\constants\constants.ts
FNF:0
FNH:0
DA:1,11
DA:3,11
DA:5,11
DA:7,11
DA:9,11
DA:11,11
LF:6
LH:6
BRF:0
BRH:0
end_of_record
TN:
SF:src\lib\constants\declarations.ts
FN:1,(anonymous_0)
FN:34,(anonymous_1)
FN:48,(anonymous_2)
FNF:3
FNH:3
FNDA:6,(anonymous_0)
FNDA:6,(anonymous_1)
FNDA:6,(anonymous_2)
DA:1,6
DA:2,6
DA:3,6
DA:28,6
DA:34,6
DA:35,6
DA:36,6
DA:37,6
DA:38,6
DA:39,6
DA:40,6
DA:41,6
DA:42,6
DA:43,6
DA:44,6
DA:45,6
DA:48,6
DA:49,6
DA:50,6
DA:51,6
DA:52,6
DA:53,6
DA:54,6
DA:55,6
DA:56,6
DA:57,6
DA:58,6
DA:59,6
DA:60,6
DA:61,6
DA:62,6
DA:63,6
DA:64,6
LF:33
LH:33
BRDA:1,0,0,6
BRDA:1,0,1,6
BRDA:34,1,0,6
BRDA:34,1,1,6
BRDA:48,2,0,6
BRDA:48,2,1,6
BRF:6
BRH:6
end_of_record
TN:
SF:src\lib\constants\utils.ts
FN:13,(anonymous_0)
FN:28,(anonymous_1)
FN:35,generateLink
FN:45,generateCards
FNF:4
FNH:4
FNDA:6,(anonymous_0)
FNDA:7,(anonymous_1)
FNDA:3,generateLink
FNDA:14,generateCards
DA:4,13
DA:6,13
DA:8,13
DA:10,13
DA:13,13
DA:14,6
DA:15,1
DA:17,5
DA:18,1
DA:20,4
DA:21,1
DA:23,3
DA:24,2
DA:28,13
DA:29,7
DA:30,4
DA:31,4
DA:32,2
DA:35,13
DA:36,3
DA:37,3
DA:38,3
DA:40,0
DA:42,3
DA:45,13
DA:46,14
DA:47,14
DA:48,1
DA:49,1
DA:50,1
DA:51,1
DA:52,7
DA:57,13
DA:58,12
DA:59,120
DA:61,1
DA:62,1
DA:63,10
DA:66,14
DA:67,14
DA:68,14
LF:41
LH:40
BRDA:14,0,0,1
BRDA:17,1,0,1
BRDA:20,2,0,1
BRDA:23,3,0,2
BRDA:29,4,0,3
BRDA:31,5,0,2
BRDA:31,5,1,2
BRDA:37,6,0,3
BRDA:37,6,1,0
BRDA:47,7,0,1
BRDA:47,7,1,13
BRDA:57,8,0,12
BRDA:57,8,1,1
BRDA:61,9,0,1
BRF:14
BRH:13
end_of_record
TN:
SF:src\lib\hooks\store.ts
FN:5,(anonymous_0)
FNF:1
FNH:1
FNDA:38,(anonymous_0)
DA:1,5
DA:4,5
DA:5,38
LF:3
LH:3
BRF:0
BRH:0
end_of_record
TN:
SF:src\lib\hooks\player\playerActions.ts
FN:4,playerActions
FN:6,(anonymous_1)
FN:9,(anonymous_2)
FN:12,(anonymous_3)
FN:15,(anonymous_4)
FNF:5
FNH:4
FNDA:23,playerActions
FNDA:1,(anonymous_1)
FNDA:0,(anonymous_2)
FNDA:3,(anonymous_3)
FNDA:1,(anonymous_4)
DA:2,5
DA:3,5
DA:4,5
DA:5,23
DA:6,23
DA:7,1
DA:9,23
DA:10,0
DA:12,23
DA:13,3
DA:15,23
DA:16,1
DA:18,23
LF:13
LH:12
BRF:0
BRH:0
end_of_record
TN:
SF:src\lib\hooks\player\slices\playerSlice.ts
FN:14,(anonymous_0)
FN:17,(anonymous_1)
FN:21,(anonymous_2)
FNF:3
FNH:3
FNDA:2,(anonymous_0)
FNDA:2,(anonymous_1)
FNDA:5,(anonymous_2)
DA:1,10
DA:5,10
DA:12,10
DA:15,2
DA:18,2
DA:19,2
DA:22,5
DA:29,10
DA:31,10
DA:32,10
DA:33,10
DA:35,10
LF:12
LH:12
BRDA:19,0,0,1
BRDA:19,0,1,1
BRF:2
BRH:2
end_of_record
TN:
SF:src\lib\hooks\room\roomActions.ts
FN:9,roomActions
FN:12,(anonymous_1)
FN:25,(anonymous_2)
FN:29,(anonymous_3)
FN:33,(anonymous_4)
FN:36,(anonymous_5)
FN:40,(anonymous_6)
FN:45,(anonymous_7)
FN:48,(anonymous_8)
FN:51,(anonymous_9)
FN:52,(anonymous_10)
FN:59,(anonymous_11)
FN:62,(anonymous_12)
FN:65,(anonymous_13)
FN:68,(anonymous_14)
FNF:15
FNH:13
FNDA:15,roomActions
FNDA:1,(anonymous_1)
FNDA:1,(anonymous_2)
FNDA:1,(anonymous_3)
FNDA:1,(anonymous_4)
FNDA:2,(anonymous_5)
FNDA:1,(anonymous_6)
FNDA:1,(anonymous_7)
FNDA:1,(anonymous_8)
FNDA:0,(anonymous_9)
FNDA:0,(anonymous_10)
FNDA:1,(anonymous_11)
FNDA:1,(anonymous_12)
FNDA:1,(anonymous_13)
FNDA:1,(anonymous_14)
DA:1,4
DA:2,4
DA:3,4
DA:4,4
DA:5,4
DA:6,4
DA:7,4
DA:8,4
DA:9,4
DA:10,15
DA:11,15
DA:12,15
DA:13,1
DA:22,1
DA:23,1
DA:25,15
DA:26,1
DA:29,15
DA:30,1
DA:33,15
DA:34,1
DA:36,15
DA:37,2
DA:38,2
DA:40,15
DA:41,1
DA:42,1
DA:45,15
DA:46,1
DA:48,1
DA:49,1
DA:50,1
DA:51,1
DA:52,0
DA:54,1
DA:57,1
DA:59,15
DA:60,1
DA:62,15
DA:63,1
DA:65,15
DA:66,1
DA:68,15
DA:69,1
DA:76,15
LF:45
LH:44
BRDA:51,0,0,0
BRDA:51,0,1,1
BRF:2
BRH:1
end_of_record
TN:
SF:src\lib\hooks\room\slices\roomSlice.ts
FN:17,(anonymous_0)
FN:20,(anonymous_1)
FN:26,(anonymous_2)
FN:30,(anonymous_3)
FN:38,(anonymous_4)
FN:44,(anonymous_5)
FN:48,(anonymous_6)
FN:53,(anonymous_7)
FN:59,(anonymous_8)
FN:63,(anonymous_9)
FN:66,(anonymous_10)
FN:71,(anonymous_11)
FN:75,(anonymous_12)
FN:102,oo_cm
FNF:14
FNH:14
FNDA:2,(anonymous_0)
FNDA:2,(anonymous_1)
FNDA:2,(anonymous_2)
FNDA:2,(anonymous_3)
FNDA:2,(anonymous_4)
FNDA:3,(anonymous_5)
FNDA:3,(anonymous_6)
FNDA:2,(anonymous_7)
FNDA:2,(anonymous_8)
FNDA:2,(anonymous_9)
FNDA:2,(anonymous_10)
FNDA:2,(anonymous_11)
FNDA:1,(anonymous_12)
FNDA:2,oo_cm
DA:1,10
DA:4,10
DA:5,10
DA:14,10
DA:18,2
DA:21,2
DA:27,2
DA:28,2
DA:31,2
DA:32,2
DA:34,0
DA:39,2
DA:45,3
DA:49,3
DA:54,2
DA:60,2
DA:64,2
DA:67,2
DA:72,2
DA:73,2
DA:76,1
DA:77,1
DA:79,0
DA:87,10
DA:88,10
DA:89,10
DA:90,10
DA:91,10
DA:92,10
DA:93,10
DA:94,10
DA:95,10
DA:102,10
LF:33
LH:31
BRDA:31,0,0,2
BRDA:76,1,0,1
BRDA:102,2,0,2
BRDA:102,2,1,2
BRF:4
BRH:4
end_of_record
TN:
SF:src\lib\store\store.ts
FNF:0
FNH:0
DA:1,9
DA:2,9
DA:3,9
DA:4,9
DA:11,9
LF:5
LH:5
BRF:0
BRH:0
end_of_record
TN:
SF:src\pages\Home..tsx
FN:12,Home
FN:18,(anonymous_1)
FN:28,(anonymous_2)
FN:35,(anonymous_3)
FN:36,(anonymous_4)
FNF:5
FNH:2
FNDA:1,Home
FNDA:0,(anonymous_1)
FNDA:0,(anonymous_2)
FNDA:1,(anonymous_3)
FNDA:0,(anonymous_4)
DA:1,2
DA:2,2
DA:3,2
DA:4,2
DA:5,2
DA:6,2
DA:7,2
DA:8,2
DA:9,2
DA:10,2
DA:11,2
DA:12,2
DA:13,1
DA:14,1
DA:15,1
DA:16,1
DA:17,1
DA:18,1
DA:19,0
DA:20,0
DA:21,0
DA:22,0
DA:24,0
DA:25,0
DA:28,1
DA:29,0
DA:30,0
DA:31,0
DA:32,0
DA:33,0
DA:35,1
DA:36,1
DA:39,1
LF:33
LH:22
BRDA:45,0,0,0
BRDA:45,0,1,1
BRDA:53,1,0,1
BRDA:53,1,1,1
BRDA:53,1,2,0
BRDA:57,2,0,1
BRDA:57,2,1,0
BRF:7
BRH:4
end_of_record
TN:
SF:src\pages\Room.tsx
FN:20,Room
FN:30,(anonymous_1)
FN:35,(anonymous_2)
FN:42,(anonymous_3)
FN:43,(anonymous_4)
FN:44,(anonymous_5)
FN:45,(anonymous_6)
FN:46,(anonymous_7)
FN:47,(anonymous_8)
FN:48,(anonymous_9)
FN:49,(anonymous_10)
FN:52,(anonymous_11)
FN:53,(anonymous_12)
FN:59,(anonymous_13)
FN:62,(anonymous_14)
FN:63,(anonymous_15)
FN:68,(anonymous_16)
FN:81,(anonymous_17)
FNF:18
FNH:5
FNDA:1,Room
FNDA:1,(anonymous_1)
FNDA:0,(anonymous_2)
FNDA:1,(anonymous_3)
FNDA:0,(anonymous_4)
FNDA:0,(anonymous_5)
FNDA:0,(anonymous_6)
FNDA:0,(anonymous_7)
FNDA:0,(anonymous_8)
FNDA:0,(anonymous_9)
FNDA:0,(anonymous_10)
FNDA:1,(anonymous_11)
FNDA:0,(anonymous_12)
FNDA:1,(anonymous_13)
FNDA:0,(anonymous_14)
FNDA:0,(anonymous_15)
FNDA:0,(anonymous_16)
FNDA:0,(anonymous_17)
DA:1,2
DA:2,2
DA:3,2
DA:4,2
DA:5,2
DA:6,2
DA:7,2
DA:8,2
DA:9,2
DA:10,2
DA:11,2
DA:12,2
DA:13,2
DA:14,2
DA:15,2
DA:16,2
DA:17,2
DA:18,2
DA:20,2
DA:21,1
DA:22,1
DA:23,1
DA:24,1
DA:25,1
DA:26,1
DA:27,1
DA:28,1
DA:30,1
DA:31,1
DA:32,1
DA:36,0
DA:38,0
DA:42,1
DA:43,1
DA:44,1
DA:45,1
DA:46,1
DA:47,1
DA:48,1
DA:49,1
DA:52,1
DA:53,1
DA:54,0
DA:55,0
DA:56,0
DA:57,0
DA:59,1
DA:62,1
DA:63,1
DA:64,0
DA:65,0
DA:69,0
DA:70,0
DA:71,0
DA:72,0
DA:74,0
DA:75,0
DA:80,1
DA:81,1
DA:82,1
LF:60
LH:46
BRDA:36,0,0,0
BRDA:36,0,1,0
BRDA:64,1,0,0
BRDA:64,1,1,0
BRDA:70,2,0,0
BRDA:70,2,1,0
BRDA:98,3,0,1
BRDA:98,3,1,0
BRDA:100,4,0,1
BRDA:100,4,1,0
BRF:10
BRH:2
end_of_record
TN:
SF:src\pages\Splash.tsx
FN:6,Splash
FN:8,(anonymous_1)
FN:9,(anonymous_2)
FNF:3
FNH:2
FNDA:2,Splash
FNDA:2,(anonymous_1)
FNDA:0,(anonymous_2)
DA:1,2
DA:2,2
DA:3,2
DA:4,2
DA:6,2
DA:7,2
DA:8,2
DA:9,2
DA:10,0
DA:13,2
LF:10
LH:9
BRF:0
BRH:0
end_of_record
TN:
SF:src\pages\components\ChangeCardsDialog.tsx
FN:12,ChangeCardsDialog
FN:14,(anonymous_1)
FN:23,(anonymous_2)
FN:26,(anonymous_3)
FN:32,(anonymous_4)
FNF:5
FNH:4
FNDA:4,ChangeCardsDialog
FNDA:0,(anonymous_1)
FNDA:2,(anonymous_2)
FNDA:6,(anonymous_3)
FNDA:6,(anonymous_4)
DA:1,3
DA:2,3
DA:3,3
DA:4,3
DA:5,3
DA:6,3
DA:7,3
DA:8,3
DA:12,3
DA:13,4
DA:14,4
DA:15,0
DA:16,0
DA:17,0
DA:18,0
DA:23,4
DA:24,2
DA:25,2
DA:26,6
DA:29,4
DA:33,6
LF:21
LH:17
BRF:0
BRH:0
end_of_record
TN:
SF:src\pages\components\Footer.tsx
FN:7,Footer
FN:12,(anonymous_1)
FN:13,(anonymous_2)
FN:18,(anonymous_3)
FN:20,(anonymous_4)
FN:22,(anonymous_5)
FN:28,(anonymous_6)
FN:32,(anonymous_7)
FN:38,(anonymous_8)
FN:54,(anonymous_9)
FN:70,oo_cm
FNF:11
FNH:4
FNDA:1,Footer
FNDA:1,(anonymous_1)
FNDA:0,(anonymous_2)
FNDA:1,(anonymous_3)
FNDA:1,(anonymous_4)
FNDA:0,(anonymous_5)
FNDA:0,(anonymous_6)
FNDA:0,(anonymous_7)
FNDA:0,(anonymous_8)
FNDA:0,(anonymous_9)
FNDA:0,oo_cm
DA:1,2
DA:2,2
DA:3,2
DA:4,2
DA:5,2
DA:6,2
DA:7,2
DA:8,1
DA:9,1
DA:10,1
DA:11,1
DA:12,1
DA:13,1
DA:14,0
DA:15,0
DA:16,0
DA:18,1
DA:20,1
DA:21,1
DA:22,0
DA:23,0
DA:24,0
DA:26,0
DA:28,0
DA:32,1
DA:33,0
DA:34,0
DA:35,0
DA:39,0
DA:44,1
DA:70,2
LF:31
LH:19
BRDA:21,0,0,0
BRDA:23,1,0,0
BRDA:23,2,0,0
BRDA:23,2,1,0
BRDA:48,3,0,1
BRDA:48,3,1,0
BRDA:50,4,0,1
BRDA:50,4,1,1
BRDA:54,5,0,0
BRDA:54,5,1,0
BRDA:70,6,0,0
BRDA:70,6,1,0
BRF:12
BRH:3
end_of_record
TN:
SF:src\pages\components\GameTable.tsx
FN:11,GameTable
FN:20,(anonymous_1)
FN:21,(anonymous_2)
FN:27,(anonymous_3)
FN:31,(anonymous_4)
FN:33,(anonymous_5)
FN:36,(anonymous_6)
FN:39,(anonymous_7)
FN:49,(anonymous_8)
FN:53,(anonymous_9)
FN:79,(anonymous_10)
FNF:11
FNH:3
FNDA:2,GameTable
FNDA:2,(anonymous_1)
FNDA:0,(anonymous_2)
FNDA:0,(anonymous_3)
FNDA:2,(anonymous_4)
FNDA:0,(anonymous_5)
FNDA:0,(anonymous_6)
FNDA:0,(anonymous_7)
FNDA:0,(anonymous_8)
FNDA:0,(anonymous_9)
FNDA:0,(anonymous_10)
DA:1,3
DA:2,3
DA:3,3
DA:4,3
DA:5,3
DA:6,3
DA:7,3
DA:8,3
DA:9,3
DA:10,3
DA:11,3
DA:12,2
DA:13,2
DA:14,2
DA:15,2
DA:16,2
DA:20,2
DA:21,2
DA:22,0
DA:23,0
DA:24,0
DA:25,0
DA:26,0
DA:27,0
DA:29,0
DA:31,2
DA:33,2
DA:34,0
DA:36,2
DA:37,0
DA:39,2
DA:40,0
DA:41,0
DA:42,0
DA:43,0
DA:47,0
DA:49,2
DA:50,0
DA:51,0
DA:53,2
DA:54,0
DA:57,2
DA:80,0
LF:43
LH:25
BRDA:60,0,0,2
BRDA:60,0,1,0
BRDA:62,1,0,0
BRDA:62,1,1,0
BRDA:63,2,0,0
BRDA:63,2,1,0
BRF:6
BRH:1
end_of_record
TN:
SF:src\pages\components\InviteDialog.tsx
FN:11,InviteDialog
FN:14,(anonymous_1)
FN:27,(anonymous_2)
FN:28,(anonymous_3)
FN:31,(anonymous_4)
FN:33,(anonymous_5)
FN:49,oo_cm
FNF:7
FNH:4
FNDA:2,InviteDialog
FNDA:0,(anonymous_1)
FNDA:2,(anonymous_2)
FNDA:0,(anonymous_3)
FNDA:2,(anonymous_4)
FNDA:1,(anonymous_5)
FNDA:0,oo_cm
DA:1,2
DA:2,2
DA:3,2
DA:4,2
DA:5,2
DA:6,2
DA:11,2
DA:12,2
DA:13,2
DA:14,2
DA:15,0
DA:16,0
DA:17,0
DA:19,0
DA:20,0
DA:21,0
DA:23,0
DA:24,0
DA:27,2
DA:28,2
DA:29,0
DA:31,2
DA:33,2
DA:34,1
DA:36,2
DA:49,2
LF:26
LH:17
BRDA:49,0,0,0
BRDA:49,0,1,0
BRF:2
BRH:0
end_of_record
TN:
SF:src\pages\components\Players.tsx
FN:6,Players
FN:8,(anonymous_1)
FN:9,(anonymous_2)
FN:13,(anonymous_3)
FN:16,(anonymous_4)
FNF:5
FNH:3
FNDA:2,Players
FNDA:2,(anonymous_1)
FNDA:0,(anonymous_2)
FNDA:2,(anonymous_3)
FNDA:0,(anonymous_4)
DA:1,3
DA:2,3
DA:3,3
DA:4,3
DA:6,3
DA:7,2
DA:8,2
DA:9,2
DA:10,0
DA:11,0
DA:13,2
DA:16,2
LF:12
LH:10
BRDA:16,0,0,0
BRDA:16,0,1,0
BRF:2
BRH:0
end_of_record
TN:
SF:src\pages\components\ResponsiveButtonsDialog.tsx
FN:15,ResponsiveButtonsDialog
FN:16,(anonymous_1)
FN:27,(anonymous_2)
FN:28,(anonymous_3)
FN:32,(anonymous_4)
FN:35,(anonymous_5)
FN:36,(anonymous_6)
FN:41,(anonymous_7)
FNF:8
FNH:3
FNDA:1,ResponsiveButtonsDialog
FNDA:0,(anonymous_1)
FNDA:1,(anonymous_2)
FNDA:0,(anonymous_3)
FNDA:1,(anonymous_4)
FNDA:0,(anonymous_5)
FNDA:0,(anonymous_6)
FNDA:0,(anonymous_7)
DA:2,2
DA:3,2
DA:4,2
DA:5,2
DA:6,2
DA:7,2
DA:8,2
DA:9,2
DA:15,2
DA:16,1
DA:17,0
DA:18,0
DA:22,1
DA:23,1
DA:25,1
DA:27,1
DA:28,1
DA:29,0
DA:30,0
DA:32,1
DA:35,1
DA:36,1
DA:37,0
DA:38,0
DA:42,0
DA:43,0
DA:44,0
DA:45,0
DA:47,0
DA:48,0
DA:54,1
LF:31
LH:19
BRDA:37,0,0,0
BRDA:37,0,1,0
BRDA:43,1,0,0
BRDA:43,1,1,0
BRDA:64,2,0,1
BRDA:64,2,1,0
BRF:6
BRH:1
end_of_record
TN:
SF:src\system-design\atoms\Button.tsx
FN:9,Button
FNF:1
FNH:1
FNDA:15,Button
DA:1,5
DA:9,5
DA:16,15
LF:3
LH:3
BRDA:19,0,0,10
BRDA:19,0,1,5
BRDA:21,1,0,15
BRDA:21,1,1,13
BRF:4
BRH:4
end_of_record
TN:
SF:src\system-design\atoms\Card.tsx
FN:9,Card
FNF:1
FNH:1
FNDA:27,Card
DA:9,5
DA:17,27
LF:2
LH:2
BRDA:22,0,0,1
BRDA:22,0,1,26
BRDA:23,1,0,1
BRDA:23,1,1,26
BRDA:23,2,0,27
BRDA:23,2,1,25
BRDA:28,3,0,0
BRDA:28,3,1,27
BRF:8
BRH:7
end_of_record
TN:
SF:src\system-design\atoms\Input.tsx
FN:13,Input
FNF:1
FNH:1
FNDA:5,Input
DA:1,4
DA:13,4
DA:23,5
LF:3
LH:3
BRDA:33,0,0,5
BRDA:33,0,1,2
BRDA:34,1,0,5
BRDA:34,1,1,2
BRF:4
BRH:4
end_of_record
TN:
SF:src\system-design\atoms\Logo.tsx
FN:5,Logo
FNF:1
FNH:1
FNDA:5,Logo
DA:5,5
DA:6,5
LF:2
LH:2
BRF:0
BRH:0
end_of_record
TN:
SF:src\system-design\atoms\RadioButton.tsx
FN:8,RadioButton
FNF:1
FNH:1
FNDA:9,RadioButton
DA:1,4
DA:8,4
DA:14,9
LF:3
LH:3
BRDA:21,0,0,9
BRDA:21,0,1,8
BRF:2
BRH:2
end_of_record
TN:
SF:src\system-design\atoms\Table.tsx
FN:5,Table
FNF:1
FNH:1
FNDA:3,Table
DA:1,4
DA:5,4
DA:6,3
LF:3
LH:3
BRF:0
BRH:0
end_of_record
TN:
SF:src\system-design\atoms\UserAvatar.tsx
FN:9,UserAvatar
FNF:1
FNH:1
FNDA:2,UserAvatar
DA:1,4
DA:2,4
DA:9,4
DA:10,2
LF:4
LH:4
BRDA:14,0,0,0
BRDA:14,0,1,2
BRDA:17,1,0,2
BRDA:17,1,1,0
BRF:4
BRH:2
end_of_record
TN:
SF:src\system-design\atoms\WarningIcon.tsx
FN:6,WarningIcon
FNF:1
FNH:1
FNDA:1,WarningIcon
DA:6,4
DA:7,1
LF:2
LH:2
BRF:0
BRH:0
end_of_record
TN:
SF:src\system-design\molecules\HeadLogo.tsx
FN:8,HeadLogo
FNF:1
FNH:1
FNDA:2,HeadLogo
DA:1,3
DA:2,3
DA:3,3
DA:8,3
DA:9,2
LF:5
LH:5
BRDA:12,0,0,2
BRDA:12,0,1,1
BRF:2
BRH:2
end_of_record
TN:
SF:src\system-design\organisms\Footer.tsx
FN:10,Footer
FN:13,(anonymous_1)
FN:14,(anonymous_2)
FN:19,(anonymous_3)
FN:21,(anonymous_4)
FN:24,(anonymous_5)
FN:32,(anonymous_6)
FN:35,(anonymous_7)
FNF:8
FNH:5
FNDA:2,Footer
FNDA:2,(anonymous_1)
FNDA:0,(anonymous_2)
FNDA:2,(anonymous_3)
FNDA:2,(anonymous_4)
FNDA:0,(anonymous_5)
FNDA:24,(anonymous_6)
FNDA:0,(anonymous_7)
DA:2,3
DA:3,3
DA:4,3
DA:10,3
DA:11,2
DA:12,2
DA:13,2
DA:14,2
DA:15,0
DA:16,0
DA:17,0
DA:19,2
DA:21,2
DA:22,2
DA:23,0
DA:24,0
DA:27,2
DA:30,2
DA:33,24
DA:35,0
LF:20
LH:14
BRDA:22,0,0,0
BRDA:22,0,1,2
BRDA:24,1,0,0
BRDA:24,1,1,0
BRDA:34,2,0,0
BRDA:34,2,1,24
BRDA:34,3,0,24
BRDA:34,3,1,24
BRDA:38,4,0,24
BRDA:38,4,1,24
BRF:10
BRH:6
end_of_record
TN:
SF:src\system-design\organisms\RoomInitialDialog.tsx
FN:7,RoomInitialDialog
FN:11,(anonymous_1)
FN:19,(anonymous_2)
FNF:3
FNH:1
FNDA:1,RoomInitialDialog
FNDA:0,(anonymous_1)
FNDA:0,(anonymous_2)
DA:1,2
DA:2,2
DA:3,2
DA:4,2
DA:5,2
DA:6,2
DA:7,2
DA:8,1
DA:11,1
DA:12,0
DA:13,0
DA:14,0
DA:15,0
DA:16,0
DA:20,0
DA:24,1
LF:16
LH:10
BRF:0
BRH:0
end_of_record
TN:
SF:src\system-design\templates\FormDialog.tsx
FN:10,PlayerNameDialog
FN:19,(anonymous_1)
FN:39,(anonymous_2)
FN:44,(anonymous_3)
FN:52,(anonymous_4)
FN:71,oo_cm
FNF:6
FNH:6
FNDA:20,PlayerNameDialog
FNDA:9,(anonymous_1)
FNDA:1,(anonymous_2)
FNDA:10,(anonymous_3)
FNDA:1,(anonymous_4)
FNDA:9,oo_cm
DA:1,4
DA:10,4
DA:17,20
DA:19,20
DA:20,9
DA:22,9
DA:25,20
DA:39,20
DA:40,1
DA:41,1
DA:44,20
DA:45,10
DA:46,3
DA:48,7
DA:52,20
DA:53,1
DA:54,1
DA:56,20
DA:71,9
LF:19
LH:19
BRDA:26,0,0,6
BRDA:26,0,1,14
BRDA:45,1,0,3
BRDA:45,1,1,7
BRDA:59,2,0,20
BRDA:59,2,1,10
BRDA:71,3,0,9
BRDA:71,3,1,3
BRF:8
BRH:8
end_of_record
TN:
SF:src\system-design\templates\PlayerNameForm.tsx
FN:9,PlayerNameForm
FN:10,(anonymous_1)
FNF:2
FNH:1
FNDA:1,PlayerNameForm
FNDA:0,(anonymous_1)
DA:1,2
DA:2,2
DA:3,2
DA:4,2
DA:5,2
DA:6,2
DA:7,2
DA:9,2
DA:10,1
DA:11,0
DA:12,0
DA:13,0
DA:14,0
DA:16,0
DA:17,0
DA:20,1
DA:21,1
DA:22,1
LF:18
LH:12
BRDA:30,0,0,1
BRDA:30,0,1,1
BRDA:30,0,2,0
BRDA:47,1,0,1
BRDA:47,1,1,0
BRF:5
BRH:3
end_of_record
